Using pre-set license
Built from '2022.3/release' branch; Version is '2022.3.20f1 (61c2feb0970d) revision 6406910'; Using compiler version '192829333'; Build Type 'Release'
OS: 'Windows 11  (10.0.22631) 64bit CoreSingleLanguage' Language: 'en' Physical Memory: 16085 MB
BatchMode: 1, IsHumanControllingUs: 0, StartBugReporterOnCrash: 0, Is64bit: 1, IsPro: 1

COMMAND LINE ARGUMENTS:
C:\Unity\2022.3.20f1\Editor\Unity.exe
-adb2
-batchMode
-noUpm
-name
AssetImportWorker8
-projectPath
C:/Battle Realms
-logFile
Logs/AssetImportWorker8.log
-srvPort
64830
Successfully changed project path to: C:/Battle Realms
C:/Battle Realms
[UnityMemory] Configuration Parameters - Can be set up in boot.config
    "memorysetup-bucket-allocator-granularity=16"
    "memorysetup-bucket-allocator-bucket-count=8"
    "memorysetup-bucket-allocator-block-size=33554432"
    "memorysetup-bucket-allocator-block-count=8"
    "memorysetup-main-allocator-block-size=16777216"
    "memorysetup-thread-allocator-block-size=16777216"
    "memorysetup-gfx-main-allocator-block-size=16777216"
    "memorysetup-gfx-thread-allocator-block-size=16777216"
    "memorysetup-cache-allocator-block-size=4194304"
    "memorysetup-typetree-allocator-block-size=2097152"
    "memorysetup-profiler-bucket-allocator-granularity=16"
    "memorysetup-profiler-bucket-allocator-bucket-count=8"
    "memorysetup-profiler-bucket-allocator-block-size=33554432"
    "memorysetup-profiler-bucket-allocator-block-count=8"
    "memorysetup-profiler-allocator-block-size=16777216"
    "memorysetup-profiler-editor-allocator-block-size=1048576"
    "memorysetup-temp-allocator-size-main=16777216"
    "memorysetup-job-temp-allocator-block-size=2097152"
    "memorysetup-job-temp-allocator-block-size-background=1048576"
    "memorysetup-job-temp-allocator-reduction-small-platforms=262144"
    "memorysetup-allocator-temp-initial-block-size-main=262144"
    "memorysetup-allocator-temp-initial-block-size-worker=262144"
    "memorysetup-temp-allocator-size-background-worker=32768"
    "memorysetup-temp-allocator-size-job-worker=262144"
    "memorysetup-temp-allocator-size-preload-manager=33554432"
    "memorysetup-temp-allocator-size-nav-mesh-worker=65536"
    "memorysetup-temp-allocator-size-audio-worker=65536"
    "memorysetup-temp-allocator-size-cloud-worker=32768"
    "memorysetup-temp-allocator-size-gi-baking-worker=262144"
    "memorysetup-temp-allocator-size-gfx=262144"
Player connection [28104] Host "[IP] 192.168.1.11 [Port] 0 [Flags] 2 [Guid] 2770541157 [EditorId] 2770541157 [Version] 1048832 [Id] WindowsEditor(7,MSI) [Debug] 1 [PackageName] WindowsEditor [ProjectName] Editor" joined multi-casting on [225.0.0.222:54997]...

Player connection [28104] Host "[IP] 192.168.1.11 [Port] 0 [Flags] 2 [Guid] 2770541157 [EditorId] 2770541157 [Version] 1048832 [Id] WindowsEditor(7,MSI) [Debug] 1 [PackageName] WindowsEditor [ProjectName] Editor" joined alternative multi-casting on [225.0.0.222:34997]...

[Physics::Module] Initialized MultithreadedJobDispatcher with 15 workers.
Refreshing native plugins compatible for Editor in 4400.04 ms, found 3 plugins.
Preloading 0 native plugins for Editor in 0.00 ms.
Initialize engine version: 2022.3.20f1 (61c2feb0970d)
[Subsystems] Discovering subsystems at path C:/Unity/2022.3.20f1/Editor/Data/Resources/UnitySubsystems
[Subsystems] Discovering subsystems at path C:/Battle Realms/Assets
GfxDevice: creating device client; threaded=0; jobified=0
Direct3D:
    Version:  Direct3D 11.0 [level 11.1]
    Renderer: NVIDIA GeForce RTX 3050 Laptop GPU (ID=0x25a2)
    Vendor:   NVIDIA
    VRAM:     3965 MB
    Driver:   32.0.15.6070
Initialize mono
Mono path[0] = 'C:/Unity/2022.3.20f1/Editor/Data/Managed'
Mono path[1] = 'C:/Unity/2022.3.20f1/Editor/Data/MonoBleedingEdge/lib/mono/unityjit-win32'
Mono config path = 'C:/Unity/2022.3.20f1/Editor/Data/MonoBleedingEdge/etc'
Using monoOptions --debugger-agent=transport=dt_socket,embedding=1,server=y,suspend=n,address=127.0.0.1:56580
Begin MonoManager ReloadAssembly
Registering precompiled unity dll's ...
Register platform support module: C:/Unity/2022.3.20f1/Editor/Data/PlaybackEngines/AndroidPlayer/UnityEditor.Android.Extensions.dll
Register platform support module: C:/Unity/2022.3.20f1/Editor/Data/PlaybackEngines/WindowsStandaloneSupport/UnityEditor.WindowsStandalone.Extensions.dll
Registered in 0.848420 seconds.
- Loaded All Assemblies, in 19.489 seconds
Native extension for WindowsStandalone target not found
Native extension for Android target not found
Android Extension - Scanning For ADB Devices 891 ms
Mono: successfully reloaded assembly
- Finished resetting the current domain, in  1.632 seconds
Domain Reload Profiling: 21118ms
	BeginReloadAssembly (13740ms)
		ExecutionOrderSort (0ms)
		DisableScriptedObjects (0ms)
		BackupInstance (0ms)
		ReleaseScriptingObjects (0ms)
		CreateAndSetChildDomain (3ms)
	RebuildCommonClasses (1309ms)
	RebuildNativeTypeToScriptingClass (14ms)
	initialDomainReloadingComplete (942ms)
	LoadAllAssembliesAndSetupDomain (3481ms)
		LoadAssemblies (13736ms)
		RebuildTransferFunctionScriptingTraits (0ms)
		AnalyzeDomain (3474ms)
			TypeCache.Refresh (3473ms)
				TypeCache.ScanAssembly (2732ms)
			ScanForSourceGeneratedMonoScriptInfo (0ms)
			ResolveRequiredComponents (0ms)
	FinalizeReload (1633ms)
		ReleaseScriptCaches (0ms)
		RebuildScriptCaches (0ms)
		SetupLoadedEditorAssemblies (1561ms)
			LogAssemblyErrors (0ms)
			InitializePlatformSupportModulesInManaged (1362ms)
			SetLoadedEditorAssemblies (5ms)
			RefreshPlugins (0ms)
			BeforeProcessingInitializeOnLoad (4ms)
			ProcessInitializeOnLoadAttributes (127ms)
			ProcessInitializeOnLoadMethodAttributes (63ms)
			AfterProcessingInitializeOnLoad (0ms)
			EditorAssembliesLoaded (0ms)
		ExecutionOrderSort2 (0ms)
		AwakeInstancesAfterBackupRestoration (0ms)
========================================================================
Worker process is ready to serve import requests
Begin MonoManager ReloadAssembly
- Loaded All Assemblies, in 22.260 seconds
Refreshing native plugins compatible for Editor in 29.51 ms, found 3 plugins.
Native extension for WindowsStandalone target not found
Native extension for Android target not found
Error saving file Library/StateCache/LayerSettings/9e/9ecc5c3c162a7aba29bafa64c8b94b7c.json. Error: System.IO.IOException: Sharing violation on path C:\Battle Realms\Library\StateCache\LayerSettings\9e\9ecc5c3c162a7aba29bafa64c8b94b7c.json
  at System.IO.FileStream..ctor (System.String path, System.IO.FileMode mode, System.IO.FileAccess access, System.IO.FileShare share, System.Int32 bufferSize, System.Boolean anonymous, System.IO.FileOptions options) [0x0019e] in <dc753a1061284f8e971ee88ee4826eee>:0 
  at System.IO.FileStream..ctor (System.String path, System.IO.FileMode mode, System.IO.FileAccess access, System.IO.FileShare share, System.Int32 bufferSize, System.IO.FileOptions options) [0x00000] in <dc753a1061284f8e971ee88ee4826eee>:0 
  at (wrapper remoting-invoke-with-check) System.IO.FileStream..ctor(string,System.IO.FileMode,System.IO.FileAccess,System.IO.FileShare,int,System.IO.FileOptions)
  at System.IO.StreamWriter..ctor (System.String path, System.Boolean append, System.Text.Encoding encoding, System.Int32 bufferSize) [0x00055] in <dc753a1061284f8e971ee88ee4826eee>:0 
  at System.IO.StreamWriter..ctor (System.String path, System.Boolean append, System.Text.Encoding encoding) [0x00000] in <dc753a1061284f8e971ee88ee4826eee>:0 
  at (wrapper remoting-invoke-with-check) System.IO.StreamWriter..ctor(string,bool,System.Text.Encoding)
  at System.IO.File.WriteAllText (System.String path, System.String contents, System.Text.Encoding encoding) [0x00034] in <dc753a1061284f8e971ee88ee4826eee>:0 
  at UnityEditor.StateCache`1[T].SetState (UnityEngine.Hash128 key, T obj) [0x0004b] in <5d5ebefe97114215928ac1d9cd096522>:0 
UnityEngine.StackTraceUtility:ExtractStackTrace ()
UnityEngine.DebugLogHandler:LogFormat (UnityEngine.LogType,UnityEngine.Object,string,object[])
UnityEngine.Logger:Log (UnityEngine.LogType,object)
UnityEngine.Debug:LogError (object)
UnityEditor.StateCache`1<UnityEditor.Tools/LayerSettings>:SetState (UnityEngine.Hash128,UnityEditor.Tools/LayerSettings)
UnityEditor.Tools:set_lockedLayers (int)
UnityEditor.Tools:OnEnable ()
UnityEngine.ScriptableObject:CreateInstance (System.Type)
UnityEngine.ScriptableObject:CreateInstance<UnityEditor.Tools> ()
UnityEditor.Tools:get_get ()
UnityEditor.Tools:get_visibleLayers ()
UnityEditor.Animations.Rigging.BoneRendererUtils:.cctor () (at ./Library/PackageCache/com.unity.animation.rigging@1.2.1/Editor/Utils/BoneRendererUtils.cs:121)
System.Runtime.CompilerServices.RuntimeHelpers:RunClassConstructor (System.RuntimeTypeHandle)
UnityEditor.EditorAssemblies:ProcessInitializeOnLoadAttributes (System.Type[])

(Filename: ./Library/PackageCache/com.unity.animation.rigging@1.2.1/Editor/Utils/BoneRendererUtils.cs Line: 121)

[MODES] ModeService[none].Initialize
[MODES] ModeService[none].LoadModes
[MODES] Loading mode Default (0) for mode-current-id-Battle Realms
Package Manager log level set to [2]
[Package Manager] Server::EnsureServerProcessIsRunning -- launch failed, reason: Unity was launched with the -noUpm command-line argument
[Package Manager] UpmClient::Send -- Unable to send message (not connected to UPM process).
[Package Manager] Cannot connect to Unity Package Manager local server
Mono: successfully reloaded assembly
[Package Manager] Server::EnsureServerProcessIsRunning -- launch failed, reason: Unity was launched with the -noUpm command-line argument
[Package Manager] UpmClient::Send -- Unable to send message (not connected to UPM process).
[Package Manager] Cannot connect to Unity Package Manager local server
[Package Manager] Server::EnsureServerProcessIsRunning -- launch failed, reason: Unity was launched with the -noUpm command-line argument
[Package Manager] UpmClient::Send -- Unable to send message (not connected to UPM process).
[Package Manager] Cannot connect to Unity Package Manager local server
- Finished resetting the current domain, in  1.052 seconds
Domain Reload Profiling: 23292ms
	BeginReloadAssembly (191ms)
		ExecutionOrderSort (0ms)
		DisableScriptedObjects (5ms)
		BackupInstance (0ms)
		ReleaseScriptingObjects (0ms)
		CreateAndSetChildDomain (28ms)
	RebuildCommonClasses (45ms)
	RebuildNativeTypeToScriptingClass (10ms)
	initialDomainReloadingComplete (59ms)
	LoadAllAssembliesAndSetupDomain (21935ms)
		LoadAssemblies (20588ms)
		RebuildTransferFunctionScriptingTraits (0ms)
		AnalyzeDomain (1463ms)
			TypeCache.Refresh (1429ms)
				TypeCache.ScanAssembly (1294ms)
			ScanForSourceGeneratedMonoScriptInfo (24ms)
			ResolveRequiredComponents (8ms)
	FinalizeReload (1053ms)
		ReleaseScriptCaches (0ms)
		RebuildScriptCaches (0ms)
		SetupLoadedEditorAssemblies (853ms)
			LogAssemblyErrors (0ms)
			InitializePlatformSupportModulesInManaged (31ms)
			SetLoadedEditorAssemblies (5ms)
			RefreshPlugins (0ms)
			BeforeProcessingInitializeOnLoad (95ms)
			ProcessInitializeOnLoadAttributes (686ms)
			ProcessInitializeOnLoadMethodAttributes (20ms)
			AfterProcessingInitializeOnLoad (15ms)
			EditorAssembliesLoaded (0ms)
		ExecutionOrderSort2 (0ms)
		AwakeInstancesAfterBackupRestoration (8ms)
Launched and connected shader compiler UnityShaderCompiler.exe after 0.12 seconds
Refreshing native plugins compatible for Editor in 19.94 ms, found 3 plugins.
Preloading 0 native plugins for Editor in 0.00 ms.
Unloading 4174 Unused Serialized files (Serialized files now loaded: 0)
Unloading 91 unused Assets / (2.4 MB). Loaded Objects now: 4629.
Memory consumption went from 278.9 MB to 276.4 MB.
Total: 6.887900 ms (FindLiveObjects: 0.663100 ms CreateObjectMapping: 0.209000 ms MarkObjects: 5.102800 ms  DeleteObjects: 0.911500 ms)

AssetImportParameters requested are different than current active one (requested -> active):
  custom:container-demuxer-ogg: 62fdf1f143b41e24485cea50d1cbac27 -> 
  custom:video-decoder-ogg-theora: a1e56fd34408186e4bbccfd4996cb3dc -> 
  custom:framework-win-MediaFoundation: 216162199b28c13a410421893ffa2e32 -> 
  custom:CustomObjectIndexerAttribute: 6d391050e5a25f67b0a2c618074f2cd9 -> 
  custom:container-demuxer-webm: 4f35f7cbe854078d1ac9338744f61a02 -> 
  custom:container-muxer-webm: aa71ff27fc2769a1b78a27578f13a17b -> 
  custom:video-decoder-webm-vp8: 9c59270c3fd7afecdb556c50c9e8de78 -> 
  custom:SearchIndexIgnoredProperties: e643bd26f0fe6173181afceb89e7c659 -> 
  custom:AudioImporter_EditorPlatform: d09bf68614088b80899f8185d706f6e7 -> 
  custom:video-encoder-webm-vp8: eb34c28f22e8b96e1ab97ce403110664 -> 
  custom:audio-decoder-ogg-vorbis: bf7c407c2cedff20999df2af8eb42d56 -> 
  custom:scripting/monoscript/fileName/InventoryContent.cs: f0685def3f214f9362829846fa1f45e7 -> 
  custom:audio-encoder-webm-vorbis: bf7c407c2cedff20999df2af8eb42d56 -> 
========================================================================
Received Import Request.
  Time since last request: 432469.372091 seconds.
  path: Assets/InventoryMaster/Textures/E_Wood02.png
  artifactKey: Guid(0b6460ae87591cc4384e37a63fe38158) Importer(815301076,1909f56bfc062723c751e8b465ee728b)
Start importing Assets/InventoryMaster/Textures/E_Wood02.png using Guid(0b6460ae87591cc4384e37a63fe38158) Importer(815301076,1909f56bfc062723c751e8b465ee728b)  -> (artifact id: '09e48236836ea82804d1762f2d11efa3') in 0.104985 seconds
Number of updated asset objects reloaded before import = 0
Number of asset objects unloaded after import = 3
========================================================================
Received Import Request.
  Time since last request: 0.000039 seconds.
  path: Assets/InventoryMaster/Textures/I_C_Carrot.png
  artifactKey: Guid(1c868327c56d1e8468f2f79d64ca793e) Importer(815301076,1909f56bfc062723c751e8b465ee728b)
Start importing Assets/InventoryMaster/Textures/I_C_Carrot.png using Guid(1c868327c56d1e8468f2f79d64ca793e) Importer(815301076,1909f56bfc062723c751e8b465ee728b)  -> (artifact id: 'ed4619976dc9ab7eebbfc8ec065a32a4') in 0.030175 seconds
Number of updated asset objects reloaded before import = 0
Number of asset objects unloaded after import = 3
========================================================================
Received Import Request.
  Time since last request: 0.000017 seconds.
  path: Assets/InventoryMaster/Textures/Hamburger.png
  artifactKey: Guid(bad82843ddb69514c9b6b8e381d175f3) Importer(815301076,1909f56bfc062723c751e8b465ee728b)
Start importing Assets/InventoryMaster/Textures/Hamburger.png using Guid(bad82843ddb69514c9b6b8e381d175f3) Importer(815301076,1909f56bfc062723c751e8b465ee728b)  -> (artifact id: '8f439f5cd7b96c4c85b995c491be3ab2') in 0.033496 seconds
Number of updated asset objects reloaded before import = 0
Number of asset objects unloaded after import = 3
========================================================================
Received Import Request.
  Time since last request: 0.000018 seconds.
  path: Assets/InventoryMaster/Textures/I_BronzeBar.png
  artifactKey: Guid(736b26980e1088c4da11ad9a01ce5ad7) Importer(815301076,1909f56bfc062723c751e8b465ee728b)
Start importing Assets/InventoryMaster/Textures/I_BronzeBar.png using Guid(736b26980e1088c4da11ad9a01ce5ad7) Importer(815301076,1909f56bfc062723c751e8b465ee728b)  -> (artifact id: '749dc5125149a3bc77a45d55b5998b17') in 0.029797 seconds
Number of updated asset objects reloaded before import = 0
Number of asset objects unloaded after import = 3
========================================================================
Received Import Request.
  Time since last request: 0.000046 seconds.
  path: Assets/InventoryMaster/Textures/I_C_Cherry.png
  artifactKey: Guid(e727f13fe44e1044e985593039c2871a) Importer(815301076,1909f56bfc062723c751e8b465ee728b)
Start importing Assets/InventoryMaster/Textures/I_C_Cherry.png using Guid(e727f13fe44e1044e985593039c2871a) Importer(815301076,1909f56bfc062723c751e8b465ee728b)  -> (artifact id: '9111a5ce791df1004749dd2064fa7149') in 0.031031 seconds
Number of updated asset objects reloaded before import = 0
Number of asset objects unloaded after import = 3
========================================================================
Received Import Request.
  Time since last request: 0.000188 seconds.
  path: Assets/InventoryMaster/Textures/I_C_Banana.png
  artifactKey: Guid(e8ea722a782cda34bba562b493bed147) Importer(815301076,1909f56bfc062723c751e8b465ee728b)
Start importing Assets/InventoryMaster/Textures/I_C_Banana.png using Guid(e8ea722a782cda34bba562b493bed147) Importer(815301076,1909f56bfc062723c751e8b465ee728b)  -> (artifact id: '6c70b26850f949b4b463b16ed2c01dce') in 0.035697 seconds
Number of updated asset objects reloaded before import = 0
Number of asset objects unloaded after import = 3
========================================================================
Received Import Request.
  Time since last request: 0.000052 seconds.
  path: Assets/InventoryMaster/Textures/I_BatWing.png
  artifactKey: Guid(7f0263505c1d5414cafc9808c1c6c9f1) Importer(815301076,1909f56bfc062723c751e8b465ee728b)
Start importing Assets/InventoryMaster/Textures/I_BatWing.png using Guid(7f0263505c1d5414cafc9808c1c6c9f1) Importer(815301076,1909f56bfc062723c751e8b465ee728b)  -> (artifact id: 'a6e45920c68e33cd95089718ef90f00e') in 0.035050 seconds
Number of updated asset objects reloaded before import = 0
Number of asset objects unloaded after import = 3
========================================================================
Received Import Request.
  Time since last request: 0.000060 seconds.
  path: Assets/InventoryMaster/Textures/I_Bottle04.png
  artifactKey: Guid(a9893eef89a9a0742b835e8296428609) Importer(815301076,1909f56bfc062723c751e8b465ee728b)
Start importing Assets/InventoryMaster/Textures/I_Bottle04.png using Guid(a9893eef89a9a0742b835e8296428609) Importer(815301076,1909f56bfc062723c751e8b465ee728b)  -> (artifact id: 'ae3a691804da84114bd7cfc1f7a87780') in 0.034160 seconds
Number of updated asset objects reloaded before import = 0
Number of asset objects unloaded after import = 3
========================================================================
Received Import Request.
  Time since last request: 0.000022 seconds.
  path: Assets/InventoryMaster/Textures/I_C_Egg.png
  artifactKey: Guid(d21bc9ae36fb1f04fb443466fec004cf) Importer(815301076,1909f56bfc062723c751e8b465ee728b)
Start importing Assets/InventoryMaster/Textures/I_C_Egg.png using Guid(d21bc9ae36fb1f04fb443466fec004cf) Importer(815301076,1909f56bfc062723c751e8b465ee728b)  -> (artifact id: '91b6c247d4b26ea7a0252e331f1006fd') in 0.030224 seconds
Number of updated asset objects reloaded before import = 0
Number of asset objects unloaded after import = 3
========================================================================
Received Import Request.
  Time since last request: 0.000019 seconds.
  path: Assets/InventoryMaster/Textures/I_Agate.png
  artifactKey: Guid(ebac4c1771ca6d845a1319f658c1eb69) Importer(815301076,1909f56bfc062723c751e8b465ee728b)
Start importing Assets/InventoryMaster/Textures/I_Agate.png using Guid(ebac4c1771ca6d845a1319f658c1eb69) Importer(815301076,1909f56bfc062723c751e8b465ee728b)  -> (artifact id: 'c524d00107779ec222cca514531ba8f6') in 0.035816 seconds
Number of updated asset objects reloaded before import = 0
Number of asset objects unloaded after import = 3
========================================================================
Received Import Request.
  Time since last request: 0.000025 seconds.
  path: Assets/InventoryMaster/Textures/I_Bottle02.png
  artifactKey: Guid(394d71b6f8239294f86cecceacc926c8) Importer(815301076,1909f56bfc062723c751e8b465ee728b)
Start importing Assets/InventoryMaster/Textures/I_Bottle02.png using Guid(394d71b6f8239294f86cecceacc926c8) Importer(815301076,1909f56bfc062723c751e8b465ee728b)  -> (artifact id: '0adecd2172a44a7d6326724da9c90eab') in 0.033731 seconds
Number of updated asset objects reloaded before import = 0
Number of asset objects unloaded after import = 3
========================================================================
Received Import Request.
  Time since last request: 0.000057 seconds.
  path: Assets/InventoryMaster/Textures/I_Book.png
  artifactKey: Guid(ee4d53a93c365f8488fd7eeb4e2970d1) Importer(815301076,1909f56bfc062723c751e8b465ee728b)
Start importing Assets/InventoryMaster/Textures/I_Book.png using Guid(ee4d53a93c365f8488fd7eeb4e2970d1) Importer(815301076,1909f56bfc062723c751e8b465ee728b)  -> (artifact id: '57a7fe258d4ea8b8584d9e481e19960e') in 0.031659 seconds
Number of updated asset objects reloaded before import = 0
Number of asset objects unloaded after import = 3
========================================================================
Received Import Request.
  Time since last request: 0.000019 seconds.
  path: Assets/InventoryMaster/Textures/I_C_Grapes.png
  artifactKey: Guid(8d619db6d6b07f647a8410f948f398a7) Importer(815301076,1909f56bfc062723c751e8b465ee728b)
Start importing Assets/InventoryMaster/Textures/I_C_Grapes.png using Guid(8d619db6d6b07f647a8410f948f398a7) Importer(815301076,1909f56bfc062723c751e8b465ee728b)  -> (artifact id: '5c4d31aa814d5cdee608af3a3a2c3782') in 0.031557 seconds
Number of updated asset objects reloaded before import = 0
Number of asset objects unloaded after import = 3
========================================================================
Received Import Request.
  Time since last request: 0.000027 seconds.
  path: Assets/InventoryMaster/Textures/I_C_Mulberry.png
  artifactKey: Guid(78deeccce19ed3c40a62cc6d9986c4b7) Importer(815301076,1909f56bfc062723c751e8b465ee728b)
Start importing Assets/InventoryMaster/Textures/I_C_Mulberry.png using Guid(78deeccce19ed3c40a62cc6d9986c4b7) Importer(815301076,1909f56bfc062723c751e8b465ee728b)  -> (artifact id: '3997be4b23947bfddd51896b39b4514c') in 0.032729 seconds
Number of updated asset objects reloaded before import = 0
Number of asset objects unloaded after import = 3
========================================================================
Received Import Request.
  Time since last request: 0.000115 seconds.
  path: Assets/InventoryMaster/Textures/I_C_Bread.png
  artifactKey: Guid(0288dbaa9a46b7a4fa8f0b0b773b6024) Importer(815301076,1909f56bfc062723c751e8b465ee728b)
Start importing Assets/InventoryMaster/Textures/I_C_Bread.png using Guid(0288dbaa9a46b7a4fa8f0b0b773b6024) Importer(815301076,1909f56bfc062723c751e8b465ee728b)  -> (artifact id: '3a13832e26611dbb8f25b4032f650ce8') in 0.034882 seconds
Number of updated asset objects reloaded before import = 0
Number of asset objects unloaded after import = 3
========================================================================
Received Import Request.
  Time since last request: 0.000035 seconds.
  path: Assets/InventoryMaster/Textures/I_Bone.png
  artifactKey: Guid(7e64fa4b2a40706418fe488d46bb746a) Importer(815301076,1909f56bfc062723c751e8b465ee728b)
Start importing Assets/InventoryMaster/Textures/I_Bone.png using Guid(7e64fa4b2a40706418fe488d46bb746a) Importer(815301076,1909f56bfc062723c751e8b465ee728b)  -> (artifact id: '8106fcf42fbb40f2550a117bf9da5454') in 0.034047 seconds
Number of updated asset objects reloaded before import = 0
Number of asset objects unloaded after import = 3
