Using pre-set license
Built from '2022.3/release' branch; Version is '2022.3.20f1 (61c2feb0970d) revision 6406910'; Using compiler version '192829333'; Build Type 'Release'
OS: 'Windows 11  (10.0.22631) 64bit CoreSingleLanguage' Language: 'en' Physical Memory: 16085 MB
BatchMode: 1, IsHumanControllingUs: 0, StartBugReporterOnCrash: 0, Is64bit: 1, IsPro: 1

COMMAND LINE ARGUMENTS:
C:\Unity\2022.3.20f1\Editor\Unity.exe
-adb2
-batchMode
-noUpm
-name
AssetImportWorker0
-projectPath
C:/Battle Realms
-logFile
Logs/AssetImportWorker0.log
-srvPort
64830
Successfully changed project path to: C:/Battle Realms
C:/Battle Realms
[UnityMemory] Configuration Parameters - Can be set up in boot.config
    "memorysetup-bucket-allocator-granularity=16"
    "memorysetup-bucket-allocator-bucket-count=8"
    "memorysetup-bucket-allocator-block-size=33554432"
    "memorysetup-bucket-allocator-block-count=8"
    "memorysetup-main-allocator-block-size=16777216"
    "memorysetup-thread-allocator-block-size=16777216"
    "memorysetup-gfx-main-allocator-block-size=16777216"
    "memorysetup-gfx-thread-allocator-block-size=16777216"
    "memorysetup-cache-allocator-block-size=4194304"
    "memorysetup-typetree-allocator-block-size=2097152"
    "memorysetup-profiler-bucket-allocator-granularity=16"
    "memorysetup-profiler-bucket-allocator-bucket-count=8"
    "memorysetup-profiler-bucket-allocator-block-size=33554432"
    "memorysetup-profiler-bucket-allocator-block-count=8"
    "memorysetup-profiler-allocator-block-size=16777216"
    "memorysetup-profiler-editor-allocator-block-size=1048576"
    "memorysetup-temp-allocator-size-main=16777216"
    "memorysetup-job-temp-allocator-block-size=2097152"
    "memorysetup-job-temp-allocator-block-size-background=1048576"
    "memorysetup-job-temp-allocator-reduction-small-platforms=262144"
    "memorysetup-allocator-temp-initial-block-size-main=262144"
    "memorysetup-allocator-temp-initial-block-size-worker=262144"
    "memorysetup-temp-allocator-size-background-worker=32768"
    "memorysetup-temp-allocator-size-job-worker=262144"
    "memorysetup-temp-allocator-size-preload-manager=33554432"
    "memorysetup-temp-allocator-size-nav-mesh-worker=65536"
    "memorysetup-temp-allocator-size-audio-worker=65536"
    "memorysetup-temp-allocator-size-cloud-worker=32768"
    "memorysetup-temp-allocator-size-gi-baking-worker=262144"
    "memorysetup-temp-allocator-size-gfx=262144"
Player connection [19252] Host "[IP] 192.168.1.11 [Port] 0 [Flags] 2 [Guid] 2773849514 [EditorId] 2773849514 [Version] 1048832 [Id] WindowsEditor(7,MSI) [Debug] 1 [PackageName] WindowsEditor [ProjectName] Editor" joined multi-casting on [225.0.0.222:54997]...

Player connection [19252] Host "[IP] 192.168.1.11 [Port] 0 [Flags] 2 [Guid] 2773849514 [EditorId] 2773849514 [Version] 1048832 [Id] WindowsEditor(7,MSI) [Debug] 1 [PackageName] WindowsEditor [ProjectName] Editor" joined alternative multi-casting on [225.0.0.222:34997]...

[Physics::Module] Initialized MultithreadedJobDispatcher with 15 workers.
Refreshing native plugins compatible for Editor in 12.02 ms, found 3 plugins.
Preloading 0 native plugins for Editor in 0.00 ms.
Initialize engine version: 2022.3.20f1 (61c2feb0970d)
[Subsystems] Discovering subsystems at path C:/Unity/2022.3.20f1/Editor/Data/Resources/UnitySubsystems
[Subsystems] Discovering subsystems at path C:/Battle Realms/Assets
GfxDevice: creating device client; threaded=0; jobified=0
Direct3D:
    Version:  Direct3D 11.0 [level 11.1]
    Renderer: NVIDIA GeForce RTX 3050 Laptop GPU (ID=0x25a2)
    Vendor:   NVIDIA
    VRAM:     3965 MB
    Driver:   32.0.15.6070
Initialize mono
Mono path[0] = 'C:/Unity/2022.3.20f1/Editor/Data/Managed'
Mono path[1] = 'C:/Unity/2022.3.20f1/Editor/Data/MonoBleedingEdge/lib/mono/unityjit-win32'
Mono config path = 'C:/Unity/2022.3.20f1/Editor/Data/MonoBleedingEdge/etc'
Using monoOptions --debugger-agent=transport=dt_socket,embedding=1,server=y,suspend=n,address=127.0.0.1:56504
Begin MonoManager ReloadAssembly
Registering precompiled unity dll's ...
Register platform support module: C:/Unity/2022.3.20f1/Editor/Data/PlaybackEngines/AndroidPlayer/UnityEditor.Android.Extensions.dll
Register platform support module: C:/Unity/2022.3.20f1/Editor/Data/PlaybackEngines/WindowsStandaloneSupport/UnityEditor.WindowsStandalone.Extensions.dll
Registered in 0.004549 seconds.
- Loaded All Assemblies, in  0.281 seconds
Native extension for WindowsStandalone target not found
Native extension for Android target not found
Android Extension - Scanning For ADB Devices 219 ms
Mono: successfully reloaded assembly
- Finished resetting the current domain, in  0.479 seconds
Domain Reload Profiling: 759ms
	BeginReloadAssembly (87ms)
		ExecutionOrderSort (0ms)
		DisableScriptedObjects (0ms)
		BackupInstance (0ms)
		ReleaseScriptingObjects (0ms)
		CreateAndSetChildDomain (1ms)
	RebuildCommonClasses (26ms)
	RebuildNativeTypeToScriptingClass (8ms)
	initialDomainReloadingComplete (42ms)
	LoadAllAssembliesAndSetupDomain (116ms)
		LoadAssemblies (86ms)
		RebuildTransferFunctionScriptingTraits (0ms)
		AnalyzeDomain (114ms)
			TypeCache.Refresh (113ms)
				TypeCache.ScanAssembly (102ms)
			ScanForSourceGeneratedMonoScriptInfo (0ms)
			ResolveRequiredComponents (0ms)
	FinalizeReload (479ms)
		ReleaseScriptCaches (0ms)
		RebuildScriptCaches (0ms)
		SetupLoadedEditorAssemblies (432ms)
			LogAssemblyErrors (0ms)
			InitializePlatformSupportModulesInManaged (304ms)
			SetLoadedEditorAssemblies (5ms)
			RefreshPlugins (0ms)
			BeforeProcessingInitializeOnLoad (2ms)
			ProcessInitializeOnLoadAttributes (86ms)
			ProcessInitializeOnLoadMethodAttributes (35ms)
			AfterProcessingInitializeOnLoad (0ms)
			EditorAssembliesLoaded (0ms)
		ExecutionOrderSort2 (0ms)
		AwakeInstancesAfterBackupRestoration (0ms)
========================================================================
Worker process is ready to serve import requests
Begin MonoManager ReloadAssembly
- Loaded All Assemblies, in  0.525 seconds
Refreshing native plugins compatible for Editor in 5.89 ms, found 3 plugins.
Native extension for WindowsStandalone target not found
Native extension for Android target not found
[MODES] ModeService[none].Initialize
[MODES] ModeService[none].LoadModes
[MODES] Loading mode Default (0) for mode-current-id-Battle Realms
Package Manager log level set to [2]
[Package Manager] Server::EnsureServerProcessIsRunning -- launch failed, reason: Unity was launched with the -noUpm command-line argument
[Package Manager] UpmClient::Send -- Unable to send message (not connected to UPM process).
[Package Manager] Cannot connect to Unity Package Manager local server
Mono: successfully reloaded assembly
[Package Manager] Server::EnsureServerProcessIsRunning -- launch failed, reason: Unity was launched with the -noUpm command-line argument
[Package Manager] UpmClient::Send -- Unable to send message (not connected to UPM process).
[Package Manager] Cannot connect to Unity Package Manager local server
[Package Manager] Server::EnsureServerProcessIsRunning -- launch failed, reason: Unity was launched with the -noUpm command-line argument
[Package Manager] UpmClient::Send -- Unable to send message (not connected to UPM process).
[Package Manager] Cannot connect to Unity Package Manager local server
- Finished resetting the current domain, in  0.575 seconds
Domain Reload Profiling: 1099ms
	BeginReloadAssembly (117ms)
		ExecutionOrderSort (0ms)
		DisableScriptedObjects (4ms)
		BackupInstance (0ms)
		ReleaseScriptingObjects (0ms)
		CreateAndSetChildDomain (18ms)
	RebuildCommonClasses (25ms)
	RebuildNativeTypeToScriptingClass (10ms)
	initialDomainReloadingComplete (36ms)
	LoadAllAssembliesAndSetupDomain (336ms)
		LoadAssemblies (265ms)
		RebuildTransferFunctionScriptingTraits (0ms)
		AnalyzeDomain (141ms)
			TypeCache.Refresh (119ms)
				TypeCache.ScanAssembly (105ms)
			ScanForSourceGeneratedMonoScriptInfo (15ms)
			ResolveRequiredComponents (5ms)
	FinalizeReload (576ms)
		ReleaseScriptCaches (0ms)
		RebuildScriptCaches (0ms)
		SetupLoadedEditorAssemblies (435ms)
			LogAssemblyErrors (0ms)
			InitializePlatformSupportModulesInManaged (20ms)
			SetLoadedEditorAssemblies (5ms)
			RefreshPlugins (0ms)
			BeforeProcessingInitializeOnLoad (61ms)
			ProcessInitializeOnLoadAttributes (328ms)
			ProcessInitializeOnLoadMethodAttributes (16ms)
			AfterProcessingInitializeOnLoad (4ms)
			EditorAssembliesLoaded (0ms)
		ExecutionOrderSort2 (0ms)
		AwakeInstancesAfterBackupRestoration (4ms)
Launched and connected shader compiler UnityShaderCompiler.exe after 0.05 seconds
Refreshing native plugins compatible for Editor in 5.24 ms, found 3 plugins.
Preloading 0 native plugins for Editor in 0.00 ms.
Unloading 4172 Unused Serialized files (Serialized files now loaded: 0)
Unloading 91 unused Assets / (2.4 MB). Loaded Objects now: 4627.
Memory consumption went from 278.8 MB to 276.4 MB.
Total: 3.042600 ms (FindLiveObjects: 0.225500 ms CreateObjectMapping: 0.105900 ms MarkObjects: 2.269200 ms  DeleteObjects: 0.441100 ms)

AssetImportParameters requested are different than current active one (requested -> active):
  custom:container-demuxer-ogg: 62fdf1f143b41e24485cea50d1cbac27 -> 
  custom:video-decoder-ogg-theora: a1e56fd34408186e4bbccfd4996cb3dc -> 
  custom:framework-win-MediaFoundation: 216162199b28c13a410421893ffa2e32 -> 
  custom:CustomObjectIndexerAttribute: 6d391050e5a25f67b0a2c618074f2cd9 -> 
  custom:container-demuxer-webm: 4f35f7cbe854078d1ac9338744f61a02 -> 
  custom:container-muxer-webm: aa71ff27fc2769a1b78a27578f13a17b -> 
  custom:video-decoder-webm-vp8: 9c59270c3fd7afecdb556c50c9e8de78 -> 
  custom:SearchIndexIgnoredProperties: e643bd26f0fe6173181afceb89e7c659 -> 
  custom:AudioImporter_EditorPlatform: d09bf68614088b80899f8185d706f6e7 -> 
  custom:video-encoder-webm-vp8: eb34c28f22e8b96e1ab97ce403110664 -> 
  custom:audio-decoder-ogg-vorbis: bf7c407c2cedff20999df2af8eb42d56 -> 
  custom:audio-encoder-webm-vorbis: bf7c407c2cedff20999df2af8eb42d56 -> 
========================================================================
Received Prepare
Begin MonoManager ReloadAssembly
- Loaded All Assemblies, in  0.373 seconds
Refreshing native plugins compatible for Editor in 5.65 ms, found 3 plugins.
Native extension for WindowsStandalone target not found
Native extension for Android target not found
Error saving file Library/StateCache/LayerSettings/9e/9ecc5c3c162a7aba29bafa64c8b94b7c.json. Error: System.IO.IOException: Sharing violation on path C:\Battle Realms\Library\StateCache\LayerSettings\9e\9ecc5c3c162a7aba29bafa64c8b94b7c.json
  at System.IO.FileStream..ctor (System.String path, System.IO.FileMode mode, System.IO.FileAccess access, System.IO.FileShare share, System.Int32 bufferSize, System.Boolean anonymous, System.IO.FileOptions options) [0x0019e] in <dc753a1061284f8e971ee88ee4826eee>:0 
  at System.IO.FileStream..ctor (System.String path, System.IO.FileMode mode, System.IO.FileAccess access, System.IO.FileShare share, System.Int32 bufferSize, System.IO.FileOptions options) [0x00000] in <dc753a1061284f8e971ee88ee4826eee>:0 
  at (wrapper remoting-invoke-with-check) System.IO.FileStream..ctor(string,System.IO.FileMode,System.IO.FileAccess,System.IO.FileShare,int,System.IO.FileOptions)
  at System.IO.StreamWriter..ctor (System.String path, System.Boolean append, System.Text.Encoding encoding, System.Int32 bufferSize) [0x00055] in <dc753a1061284f8e971ee88ee4826eee>:0 
  at System.IO.StreamWriter..ctor (System.String path, System.Boolean append, System.Text.Encoding encoding) [0x00000] in <dc753a1061284f8e971ee88ee4826eee>:0 
  at (wrapper remoting-invoke-with-check) System.IO.StreamWriter..ctor(string,bool,System.Text.Encoding)
  at System.IO.File.WriteAllText (System.String path, System.String contents, System.Text.Encoding encoding) [0x00034] in <dc753a1061284f8e971ee88ee4826eee>:0 
  at UnityEditor.StateCache`1[T].SetState (UnityEngine.Hash128 key, T obj) [0x0004b] in <5d5ebefe97114215928ac1d9cd096522>:0 
UnityEngine.StackTraceUtility:ExtractStackTrace ()
UnityEngine.DebugLogHandler:LogFormat (UnityEngine.LogType,UnityEngine.Object,string,object[])
UnityEngine.Logger:Log (UnityEngine.LogType,object)
UnityEngine.Debug:LogError (object)
UnityEditor.StateCache`1<UnityEditor.Tools/LayerSettings>:SetState (UnityEngine.Hash128,UnityEditor.Tools/LayerSettings)
UnityEditor.Tools:set_lockedLayers (int)
UnityEditor.Tools:OnEnable ()
UnityEngine.ScriptableObject:CreateInstance (System.Type)
UnityEngine.ScriptableObject:CreateInstance<UnityEditor.Tools> ()
UnityEditor.Tools:get_get ()
UnityEditor.Tools:get_visibleLayers ()
UnityEditor.Animations.Rigging.BoneRendererUtils:.cctor () (at ./Library/PackageCache/com.unity.animation.rigging@1.2.1/Editor/Utils/BoneRendererUtils.cs:121)
System.Runtime.CompilerServices.RuntimeHelpers:RunClassConstructor (System.RuntimeTypeHandle)
UnityEditor.EditorAssemblies:ProcessInitializeOnLoadAttributes (System.Type[])

(Filename: ./Library/PackageCache/com.unity.animation.rigging@1.2.1/Editor/Utils/BoneRendererUtils.cs Line: 121)

[MODES] ModeService[none].Initialize
[MODES] ModeService[none].LoadModes
[MODES] Loading mode Default (0) for mode-current-id-Battle Realms
[Package Manager] Server::EnsureServerProcessIsRunning -- launch failed, reason: Unity was launched with the -noUpm command-line argument
[Package Manager] UpmClient::Send -- Unable to send message (not connected to UPM process).
[Package Manager] Cannot connect to Unity Package Manager local server
Mono: successfully reloaded assembly
[Package Manager] Server::EnsureServerProcessIsRunning -- launch failed, reason: Unity was launched with the -noUpm command-line argument
[Package Manager] UpmClient::Send -- Unable to send message (not connected to UPM process).
[Package Manager] Cannot connect to Unity Package Manager local server
- Finished resetting the current domain, in  0.755 seconds
Domain Reload Profiling: 1126ms
	BeginReloadAssembly (123ms)
		ExecutionOrderSort (0ms)
		DisableScriptedObjects (4ms)
		BackupInstance (0ms)
		ReleaseScriptingObjects (0ms)
		CreateAndSetChildDomain (29ms)
	RebuildCommonClasses (23ms)
	RebuildNativeTypeToScriptingClass (8ms)
	initialDomainReloadingComplete (25ms)
	LoadAllAssembliesAndSetupDomain (191ms)
		LoadAssemblies (244ms)
		RebuildTransferFunctionScriptingTraits (0ms)
		AnalyzeDomain (11ms)
			TypeCache.Refresh (5ms)
				TypeCache.ScanAssembly (0ms)
			ScanForSourceGeneratedMonoScriptInfo (0ms)
			ResolveRequiredComponents (5ms)
	FinalizeReload (756ms)
		ReleaseScriptCaches (0ms)
		RebuildScriptCaches (0ms)
		SetupLoadedEditorAssemblies (398ms)
			LogAssemblyErrors (0ms)
			InitializePlatformSupportModulesInManaged (17ms)
			SetLoadedEditorAssemblies (5ms)
			RefreshPlugins (0ms)
			BeforeProcessingInitializeOnLoad (56ms)
			ProcessInitializeOnLoadAttributes (299ms)
			ProcessInitializeOnLoadMethodAttributes (16ms)
			AfterProcessingInitializeOnLoad (5ms)
			EditorAssembliesLoaded (0ms)
		ExecutionOrderSort2 (0ms)
		AwakeInstancesAfterBackupRestoration (8ms)
Refreshing native plugins compatible for Editor in 5.53 ms, found 3 plugins.
Preloading 0 native plugins for Editor in 0.00 ms.
Unloading 4050 Unused Serialized files (Serialized files now loaded: 0)
Unloading 63 unused Assets / (2.4 MB). Loaded Objects now: 4643.
Memory consumption went from 251.5 MB to 249.1 MB.
Total: 3.750600 ms (FindLiveObjects: 0.213700 ms CreateObjectMapping: 0.098000 ms MarkObjects: 2.885100 ms  DeleteObjects: 0.552400 ms)

Prepare: number of updated asset objects reloaded= 0
AssetImportParameters requested are different than current active one (requested -> active):
  custom:container-demuxer-ogg: 62fdf1f143b41e24485cea50d1cbac27 -> 
  custom:video-decoder-ogg-theora: a1e56fd34408186e4bbccfd4996cb3dc -> 
  custom:framework-win-MediaFoundation: 216162199b28c13a410421893ffa2e32 -> 
  custom:CustomObjectIndexerAttribute: 6d391050e5a25f67b0a2c618074f2cd9 -> 
  custom:container-demuxer-webm: 4f35f7cbe854078d1ac9338744f61a02 -> 
  custom:container-muxer-webm: aa71ff27fc2769a1b78a27578f13a17b -> 
  custom:video-decoder-webm-vp8: 9c59270c3fd7afecdb556c50c9e8de78 -> 
  custom:SearchIndexIgnoredProperties: e643bd26f0fe6173181afceb89e7c659 -> 
  custom:AudioImporter_EditorPlatform: d09bf68614088b80899f8185d706f6e7 -> 
  custom:video-encoder-webm-vp8: eb34c28f22e8b96e1ab97ce403110664 -> 
  custom:audio-decoder-ogg-vorbis: bf7c407c2cedff20999df2af8eb42d56 -> 
  custom:audio-encoder-webm-vorbis: bf7c407c2cedff20999df2af8eb42d56 -> 
========================================================================
Received Import Request.
  Time since last request: 411921.083256 seconds.
  path: Assets/03.Prefabs/Monsters/Polyart_Golem.prefab
  artifactKey: Guid(c6cfc32748fb5004aa11a1be074b5c58) Importer(815301076,1909f56bfc062723c751e8b465ee728b)
Start importing Assets/03.Prefabs/Monsters/Polyart_Golem.prefab using Guid(c6cfc32748fb5004aa11a1be074b5c58) Importer(815301076,1909f56bfc062723c751e8b465ee728b)  -> (artifact id: '64d5445923c6d1d6c381f3b8c2649795') in 0.216715 seconds
Number of updated asset objects reloaded before import = 0
Number of asset objects unloaded after import = 79
========================================================================
Received Prepare
Begin MonoManager ReloadAssembly
- Loaded All Assemblies, in  0.414 seconds
Refreshing native plugins compatible for Editor in 5.81 ms, found 3 plugins.
Native extension for WindowsStandalone target not found
Native extension for Android target not found
Error saving file Library/StateCache/LayerSettings/9e/9ecc5c3c162a7aba29bafa64c8b94b7c.json. Error: System.IO.IOException: Sharing violation on path C:\Battle Realms\Library\StateCache\LayerSettings\9e\9ecc5c3c162a7aba29bafa64c8b94b7c.json
  at System.IO.FileStream..ctor (System.String path, System.IO.FileMode mode, System.IO.FileAccess access, System.IO.FileShare share, System.Int32 bufferSize, System.Boolean anonymous, System.IO.FileOptions options) [0x0019e] in <dc753a1061284f8e971ee88ee4826eee>:0 
  at System.IO.FileStream..ctor (System.String path, System.IO.FileMode mode, System.IO.FileAccess access, System.IO.FileShare share, System.Int32 bufferSize, System.IO.FileOptions options) [0x00000] in <dc753a1061284f8e971ee88ee4826eee>:0 
  at (wrapper remoting-invoke-with-check) System.IO.FileStream..ctor(string,System.IO.FileMode,System.IO.FileAccess,System.IO.FileShare,int,System.IO.FileOptions)
  at System.IO.StreamWriter..ctor (System.String path, System.Boolean append, System.Text.Encoding encoding, System.Int32 bufferSize) [0x00055] in <dc753a1061284f8e971ee88ee4826eee>:0 
  at System.IO.StreamWriter..ctor (System.String path, System.Boolean append, System.Text.Encoding encoding) [0x00000] in <dc753a1061284f8e971ee88ee4826eee>:0 
  at (wrapper remoting-invoke-with-check) System.IO.StreamWriter..ctor(string,bool,System.Text.Encoding)
  at System.IO.File.WriteAllText (System.String path, System.String contents, System.Text.Encoding encoding) [0x00034] in <dc753a1061284f8e971ee88ee4826eee>:0 
  at UnityEditor.StateCache`1[T].SetState (UnityEngine.Hash128 key, T obj) [0x0004b] in <5d5ebefe97114215928ac1d9cd096522>:0 
UnityEngine.StackTraceUtility:ExtractStackTrace ()
UnityEngine.DebugLogHandler:LogFormat (UnityEngine.LogType,UnityEngine.Object,string,object[])
UnityEngine.Logger:Log (UnityEngine.LogType,object)
UnityEngine.Debug:LogError (object)
UnityEditor.StateCache`1<UnityEditor.Tools/LayerSettings>:SetState (UnityEngine.Hash128,UnityEditor.Tools/LayerSettings)
UnityEditor.Tools:set_lockedLayers (int)
UnityEditor.Tools:OnEnable ()
UnityEngine.ScriptableObject:CreateInstance (System.Type)
UnityEngine.ScriptableObject:CreateInstance<UnityEditor.Tools> ()
UnityEditor.Tools:get_get ()
UnityEditor.Tools:get_visibleLayers ()
UnityEditor.Animations.Rigging.BoneRendererUtils:.cctor () (at ./Library/PackageCache/com.unity.animation.rigging@1.2.1/Editor/Utils/BoneRendererUtils.cs:121)
System.Runtime.CompilerServices.RuntimeHelpers:RunClassConstructor (System.RuntimeTypeHandle)
UnityEditor.EditorAssemblies:ProcessInitializeOnLoadAttributes (System.Type[])

(Filename: ./Library/PackageCache/com.unity.animation.rigging@1.2.1/Editor/Utils/BoneRendererUtils.cs Line: 121)

[MODES] ModeService[none].Initialize
[MODES] ModeService[none].LoadModes
[MODES] Loading mode Default (0) for mode-current-id-Battle Realms
[Package Manager] Server::EnsureServerProcessIsRunning -- launch failed, reason: Unity was launched with the -noUpm command-line argument
[Package Manager] UpmClient::Send -- Unable to send message (not connected to UPM process).
[Package Manager] Cannot connect to Unity Package Manager local server
Mono: successfully reloaded assembly
[Package Manager] Server::EnsureServerProcessIsRunning -- launch failed, reason: Unity was launched with the -noUpm command-line argument
[Package Manager] UpmClient::Send -- Unable to send message (not connected to UPM process).
[Package Manager] Cannot connect to Unity Package Manager local server
- Finished resetting the current domain, in  0.773 seconds
Domain Reload Profiling: 1184ms
	BeginReloadAssembly (138ms)
		ExecutionOrderSort (0ms)
		DisableScriptedObjects (3ms)
		BackupInstance (0ms)
		ReleaseScriptingObjects (0ms)
		CreateAndSetChildDomain (33ms)
	RebuildCommonClasses (23ms)
	RebuildNativeTypeToScriptingClass (10ms)
	initialDomainReloadingComplete (30ms)
	LoadAllAssembliesAndSetupDomain (209ms)
		LoadAssemblies (265ms)
		RebuildTransferFunctionScriptingTraits (0ms)
		AnalyzeDomain (21ms)
			TypeCache.Refresh (10ms)
				TypeCache.ScanAssembly (1ms)
			ScanForSourceGeneratedMonoScriptInfo (6ms)
			ResolveRequiredComponents (5ms)
	FinalizeReload (773ms)
		ReleaseScriptCaches (0ms)
		RebuildScriptCaches (0ms)
		SetupLoadedEditorAssemblies (381ms)
			LogAssemblyErrors (0ms)
			InitializePlatformSupportModulesInManaged (18ms)
			SetLoadedEditorAssemblies (4ms)
			RefreshPlugins (0ms)
			BeforeProcessingInitializeOnLoad (56ms)
			ProcessInitializeOnLoadAttributes (286ms)
			ProcessInitializeOnLoadMethodAttributes (14ms)
			AfterProcessingInitializeOnLoad (4ms)
			EditorAssembliesLoaded (0ms)
		ExecutionOrderSort2 (0ms)
		AwakeInstancesAfterBackupRestoration (7ms)
Refreshing native plugins compatible for Editor in 4.46 ms, found 3 plugins.
Preloading 0 native plugins for Editor in 0.00 ms.
Unloading 4049 Unused Serialized files (Serialized files now loaded: 0)
Unloading 63 unused Assets / (2.4 MB). Loaded Objects now: 4667.
Memory consumption went from 255.0 MB to 252.6 MB.
Total: 2.808800 ms (FindLiveObjects: 0.210500 ms CreateObjectMapping: 0.097400 ms MarkObjects: 2.078700 ms  DeleteObjects: 0.421500 ms)

Prepare: number of updated asset objects reloaded= 0
AssetImportParameters requested are different than current active one (requested -> active):
  custom:container-demuxer-ogg: 62fdf1f143b41e24485cea50d1cbac27 -> 
  custom:video-decoder-ogg-theora: a1e56fd34408186e4bbccfd4996cb3dc -> 
  custom:framework-win-MediaFoundation: 216162199b28c13a410421893ffa2e32 -> 
  custom:CustomObjectIndexerAttribute: 6d391050e5a25f67b0a2c618074f2cd9 -> 
  custom:container-demuxer-webm: 4f35f7cbe854078d1ac9338744f61a02 -> 
  custom:container-muxer-webm: aa71ff27fc2769a1b78a27578f13a17b -> 
  custom:video-decoder-webm-vp8: 9c59270c3fd7afecdb556c50c9e8de78 -> 
  custom:SearchIndexIgnoredProperties: e643bd26f0fe6173181afceb89e7c659 -> 
  custom:AudioImporter_EditorPlatform: d09bf68614088b80899f8185d706f6e7 -> 
  custom:video-encoder-webm-vp8: eb34c28f22e8b96e1ab97ce403110664 -> 
  custom:audio-decoder-ogg-vorbis: bf7c407c2cedff20999df2af8eb42d56 -> 
  custom:audio-encoder-webm-vorbis: bf7c407c2cedff20999df2af8eb42d56 -> 
========================================================================
Received Import Request.
  Time since last request: 1788.111034 seconds.
  path: Assets/InventoryMaster/New Terrain.asset
  artifactKey: Guid(d278f3ff7a1630249abdfa7b68288d09) Importer(815301076,1909f56bfc062723c751e8b465ee728b)
Start importing Assets/InventoryMaster/New Terrain.asset using Guid(d278f3ff7a1630249abdfa7b68288d09) Importer(815301076,1909f56bfc062723c751e8b465ee728b)  -> (artifact id: 'df3aa181a07338a87c84e23e0784e8eb') in 0.102568 seconds
Number of updated asset objects reloaded before import = 0
Number of asset objects unloaded after import = 1
========================================================================
Received Import Request.
  Time since last request: 4.320334 seconds.
  path: Assets/InventoryAsset/Icons/496_RPG_icons/A_Armor04.png
  artifactKey: Guid(b30bbdea7cb1c2149b869249a8949e77) Importer(815301076,1909f56bfc062723c751e8b465ee728b)
Start importing Assets/InventoryAsset/Icons/496_RPG_icons/A_Armor04.png using Guid(b30bbdea7cb1c2149b869249a8949e77) Importer(815301076,1909f56bfc062723c751e8b465ee728b)  -> (artifact id: '13f7cab94cf8de6e84e84a2a65d2097a') in 0.075735 seconds
Number of updated asset objects reloaded before import = 0
Number of asset objects unloaded after import = 3
========================================================================
Received Import Request.
  Time since last request: 0.000091 seconds.
  path: Assets/InventoryAsset/Icons/496_RPG_icons/A_Shoes02.png
  artifactKey: Guid(6a411f8ab3ee58143a8e800c025b0ccf) Importer(815301076,1909f56bfc062723c751e8b465ee728b)
Start importing Assets/InventoryAsset/Icons/496_RPG_icons/A_Shoes02.png using Guid(6a411f8ab3ee58143a8e800c025b0ccf) Importer(815301076,1909f56bfc062723c751e8b465ee728b)  -> (artifact id: '8449adc6ce222296f712dfe298a9376d') in 0.018063 seconds
Number of updated asset objects reloaded before import = 0
Number of asset objects unloaded after import = 3
========================================================================
Received Import Request.
  Time since last request: 0.000016 seconds.
  path: Assets/InventoryAsset/Icons/496_RPG_icons/A_Armour01.png
  artifactKey: Guid(f5cdc7a4591fe084abd84cb5f19b0746) Importer(815301076,1909f56bfc062723c751e8b465ee728b)
Start importing Assets/InventoryAsset/Icons/496_RPG_icons/A_Armour01.png using Guid(f5cdc7a4591fe084abd84cb5f19b0746) Importer(815301076,1909f56bfc062723c751e8b465ee728b)  -> (artifact id: '966c71599799c64470aadb60a4a6f366') in 0.021008 seconds
Number of updated asset objects reloaded before import = 0
Number of asset objects unloaded after import = 3
========================================================================
Received Import Request.
  Time since last request: 0.000019 seconds.
  path: Assets/InventoryAsset/Icons/496_RPG_icons/A_Clothing01.png
  artifactKey: Guid(40387f735e8533547815a1a2371b7faf) Importer(815301076,1909f56bfc062723c751e8b465ee728b)
Start importing Assets/InventoryAsset/Icons/496_RPG_icons/A_Clothing01.png using Guid(40387f735e8533547815a1a2371b7faf) Importer(815301076,1909f56bfc062723c751e8b465ee728b)  -> (artifact id: '80d910c208d773f27b65dcfbec70918b') in 0.015867 seconds
Number of updated asset objects reloaded before import = 0
Number of asset objects unloaded after import = 3
========================================================================
Received Import Request.
  Time since last request: 0.000018 seconds.
  path: Assets/InventoryAsset/Icons/496_RPG_icons/A_Armour03.png
  artifactKey: Guid(d9301f97f85aa60448bf22d3ad577802) Importer(815301076,1909f56bfc062723c751e8b465ee728b)
Start importing Assets/InventoryAsset/Icons/496_RPG_icons/A_Armour03.png using Guid(d9301f97f85aa60448bf22d3ad577802) Importer(815301076,1909f56bfc062723c751e8b465ee728b)  -> (artifact id: '8576a52c251aedffa45c1c90991183ec') in 0.020363 seconds
Number of updated asset objects reloaded before import = 0
Number of asset objects unloaded after import = 3
========================================================================
Received Import Request.
  Time since last request: 4.083151 seconds.
  path: Assets/InventoryAsset/Inventory/InventoryItem/AddItem.prefab
  artifactKey: Guid(c5058b0ce395ecf4586cf9a86a35343b) Importer(815301076,1909f56bfc062723c751e8b465ee728b)
Start importing Assets/InventoryAsset/Inventory/InventoryItem/AddItem.prefab using Guid(c5058b0ce395ecf4586cf9a86a35343b) Importer(815301076,1909f56bfc062723c751e8b465ee728b)  -> (artifact id: 'cd0a847c58b232fdab6f1471444483f4') in 0.014316 seconds
Number of updated asset objects reloaded before import = 0
Number of asset objects unloaded after import = 6
========================================================================
Received Import Request.
  Time since last request: 3.658323 seconds.
  path: Assets/InventoryAsset/Inventory/InventoryItem/InventoryItemScript/Editor
  artifactKey: Guid(2a180b2dd2876444ea8fd5ff70a74f2a) Importer(815301076,1909f56bfc062723c751e8b465ee728b)
Start importing Assets/InventoryAsset/Inventory/InventoryItem/InventoryItemScript/Editor using Guid(2a180b2dd2876444ea8fd5ff70a74f2a) Importer(815301076,1909f56bfc062723c751e8b465ee728b)  -> (artifact id: 'dfe4dacf0df0965b0cee9d73833de203') in 0.000530 seconds
Number of updated asset objects reloaded before import = 0
Number of asset objects unloaded after import = 0
========================================================================
Received Import Request.
  Time since last request: 4.089654 seconds.
  path: Assets/InventoryAsset/Inventory/InventoryItem/InventoryItemScript
  artifactKey: Guid(d0bb3aca84eb3ba4ab15fc953388a478) Importer(815301076,1909f56bfc062723c751e8b465ee728b)
Start importing Assets/InventoryAsset/Inventory/InventoryItem/InventoryItemScript using Guid(d0bb3aca84eb3ba4ab15fc953388a478) Importer(815301076,1909f56bfc062723c751e8b465ee728b)  -> (artifact id: '99d7c9d84b3e55759b852d9ccf82dbf6') in 0.000800 seconds
Number of updated asset objects reloaded before import = 0
Number of asset objects unloaded after import = 0
========================================================================
Received Import Request.
  Time since last request: 7.330640 seconds.
  path: Assets/InventoryAsset/InventoryUI/Slots/ItemHolder.prefab
  artifactKey: Guid(1c44132505c5b1f42b38381654fa5f6e) Importer(815301076,1909f56bfc062723c751e8b465ee728b)
Start importing Assets/InventoryAsset/InventoryUI/Slots/ItemHolder.prefab using Guid(1c44132505c5b1f42b38381654fa5f6e) Importer(815301076,1909f56bfc062723c751e8b465ee728b)  -> (artifact id: '73ad91e7c34b66e7331dd92558433910') in 0.139543 seconds
Number of updated asset objects reloaded before import = 0
Number of asset objects unloaded after import = 20
========================================================================
Received Import Request.
  Time since last request: 16.611133 seconds.
  path: Assets/InventoryAsset/Scenes/SampleScene/InventorySampleScene.unity
  artifactKey: Guid(0c2db5eeff4168c48b61aafb066f21a4) Importer(815301076,1909f56bfc062723c751e8b465ee728b)
Start importing Assets/InventoryAsset/Scenes/SampleScene/InventorySampleScene.unity using Guid(0c2db5eeff4168c48b61aafb066f21a4) Importer(815301076,1909f56bfc062723c751e8b465ee728b)  -> (artifact id: 'ccf07a3bdc908e0dd13401599cb87561') in 0.000892 seconds
Number of updated asset objects reloaded before import = 0
Number of asset objects unloaded after import = 0
========================================================================
Received Import Request.
  Time since last request: 12.362424 seconds.
  path: Assets/InventoryAsset/InventoryUI/Slots/SlotSprites/InventoryRect.png
  artifactKey: Guid(ad6ad57f2b8c4ea47b2abe4559d4a986) Importer(815301076,1909f56bfc062723c751e8b465ee728b)
Start importing Assets/InventoryAsset/InventoryUI/Slots/SlotSprites/InventoryRect.png using Guid(ad6ad57f2b8c4ea47b2abe4559d4a986) Importer(815301076,1909f56bfc062723c751e8b465ee728b)  -> (artifact id: 'a88cec2e26d15ef64e1bd197c8b61c66') in 0.065154 seconds
Number of updated asset objects reloaded before import = 0
Number of asset objects unloaded after import = 3
========================================================================
Received Import Request.
  Time since last request: 0.000070 seconds.
  path: Assets/InventoryAsset/InventoryUI/Slots/SlotSprites/Slot_White_Brown.psd
  artifactKey: Guid(c199c8a3d49bb7b44acb592d46c2e2ba) Importer(815301076,1909f56bfc062723c751e8b465ee728b)
Start importing Assets/InventoryAsset/InventoryUI/Slots/SlotSprites/Slot_White_Brown.psd using Guid(c199c8a3d49bb7b44acb592d46c2e2ba) Importer(815301076,1909f56bfc062723c751e8b465ee728b)  -> (artifact id: '506870926b49922056463eee55fc286d') in 0.047669 seconds
Number of updated asset objects reloaded before import = 0
Number of asset objects unloaded after import = 3
========================================================================
Received Import Request.
  Time since last request: 23.550943 seconds.
  path: Assets/InventoryMaster/Fonts/American Purpose.otf
  artifactKey: Guid(d8bee09f4790983418e364bc88d834d5) Importer(815301076,1909f56bfc062723c751e8b465ee728b)
Start importing Assets/InventoryMaster/Fonts/American Purpose.otf using Guid(d8bee09f4790983418e364bc88d834d5) Importer(815301076,1909f56bfc062723c751e8b465ee728b)  -> (artifact id: '48273a13c176a9970ca207c23d05c4e8') in 0.089208 seconds
Number of updated asset objects reloaded before import = 0
Number of asset objects unloaded after import = 4
========================================================================
Received Import Request.
  Time since last request: 0.000054 seconds.
  path: Assets/InventoryMaster/Fonts/American Purpose STRIPE 1 Normal.ttf
  artifactKey: Guid(024da2176b6bbd74d8def586930a1233) Importer(815301076,1909f56bfc062723c751e8b465ee728b)
Start importing Assets/InventoryMaster/Fonts/American Purpose STRIPE 1 Normal.ttf using Guid(024da2176b6bbd74d8def586930a1233) Importer(815301076,1909f56bfc062723c751e8b465ee728b)  -> (artifact id: '5d3b720e684a693d8cb21e576e064dd5') in 0.019301 seconds
Number of updated asset objects reloaded before import = 0
Number of asset objects unloaded after import = 4
========================================================================
Received Import Request.
  Time since last request: 0.000058 seconds.
  path: Assets/InventoryMaster/Fonts/American Purpose STRIPE 1 Normal.otf
  artifactKey: Guid(bbf329630f0c42246b2cf9e13031b8d1) Importer(815301076,1909f56bfc062723c751e8b465ee728b)
Start importing Assets/InventoryMaster/Fonts/American Purpose STRIPE 1 Normal.otf using Guid(bbf329630f0c42246b2cf9e13031b8d1) Importer(815301076,1909f56bfc062723c751e8b465ee728b)  -> (artifact id: '5431347acc1c062d4374fc9fcac683b4') in 0.017903 seconds
Number of updated asset objects reloaded before import = 0
Number of asset objects unloaded after import = 4
========================================================================
Received Import Request.
  Time since last request: 0.000026 seconds.
  path: Assets/InventoryMaster/Fonts/American Purpose STRIPE 1 Bold.otf
  artifactKey: Guid(e731e4d8435e7e945936240a1ecf0f56) Importer(815301076,1909f56bfc062723c751e8b465ee728b)
Start importing Assets/InventoryMaster/Fonts/American Purpose STRIPE 1 Bold.otf using Guid(e731e4d8435e7e945936240a1ecf0f56) Importer(815301076,1909f56bfc062723c751e8b465ee728b)  -> (artifact id: 'a60cacd470f93876354b41296b503f12') in 0.021806 seconds
Number of updated asset objects reloaded before import = 0
Number of asset objects unloaded after import = 4
========================================================================
Received Import Request.
  Time since last request: 2.650938 seconds.
  path: Assets/InventoryMaster/Examples/New Terrain.asset
  artifactKey: Guid(d9c9f362f87ac8343b9d0dfd828ea6d0) Importer(815301076,1909f56bfc062723c751e8b465ee728b)
Start importing Assets/InventoryMaster/Examples/New Terrain.asset using Guid(d9c9f362f87ac8343b9d0dfd828ea6d0) Importer(815301076,1909f56bfc062723c751e8b465ee728b)  -> (artifact id: '4b7775c2c125fd572351b02180425a85') in 0.085669 seconds
Number of updated asset objects reloaded before import = 0
Number of asset objects unloaded after import = 1
========================================================================
Received Import Request.
  Time since last request: 2.162807 seconds.
  path: Assets/InventoryMaster/Resources/AttributeDatabase.asset
  artifactKey: Guid(3c7075d4212dc7b4f95a3be8a2519b81) Importer(815301076,1909f56bfc062723c751e8b465ee728b)
Start importing Assets/InventoryMaster/Resources/AttributeDatabase.asset using Guid(3c7075d4212dc7b4f95a3be8a2519b81) Importer(815301076,1909f56bfc062723c751e8b465ee728b)  -> (artifact id: '97c2279da62814b3d1bcf2efda85a5a1') in 0.002216 seconds
Number of updated asset objects reloaded before import = 0
Number of asset objects unloaded after import = 2
========================================================================
Received Import Request.
  Time since last request: 0.000019 seconds.
  path: Assets/InventoryMaster/Resources/InputManager.asset
  artifactKey: Guid(702008cd9ccb2de4b8c666e42b2c1efd) Importer(815301076,1909f56bfc062723c751e8b465ee728b)
Start importing Assets/InventoryMaster/Resources/InputManager.asset using Guid(702008cd9ccb2de4b8c666e42b2c1efd) Importer(815301076,1909f56bfc062723c751e8b465ee728b)  -> (artifact id: '502d96faa5708c1e629f8a1831d52d8b') in 0.002019 seconds
Number of updated asset objects reloaded before import = 0
Number of asset objects unloaded after import = 2
========================================================================
Received Import Request.
  Time since last request: 0.000070 seconds.
  path: Assets/InventoryMaster/Resources/ItemDatabase.asset
  artifactKey: Guid(964f317a23cc9f0418bb3778fccd8ebb) Importer(815301076,1909f56bfc062723c751e8b465ee728b)
Start importing Assets/InventoryMaster/Resources/ItemDatabase.asset using Guid(964f317a23cc9f0418bb3778fccd8ebb) Importer(815301076,1909f56bfc062723c751e8b465ee728b)  -> (artifact id: '6287c01ece2583782839df52010ed3f3') in 0.002829 seconds
Number of updated asset objects reloaded before import = 0
Number of asset objects unloaded after import = 2
========================================================================
Received Import Request.
  Time since last request: 1.710750 seconds.
  path: Assets/InventoryMaster/Resources/Prefabs/Canvas - Inventory.prefab
  artifactKey: Guid(9d5134176cec6254a90845c160aaed68) Importer(815301076,1909f56bfc062723c751e8b465ee728b)
Start importing Assets/InventoryMaster/Resources/Prefabs/Canvas - Inventory.prefab using Guid(9d5134176cec6254a90845c160aaed68) Importer(815301076,1909f56bfc062723c751e8b465ee728b)  -> (artifact id: 'cb2a3aa2b24f33b856f5780375463fc0') in 0.004121 seconds
Number of updated asset objects reloaded before import = 0
Number of asset objects unloaded after import = 6
========================================================================
Received Import Request.
  Time since last request: 0.000018 seconds.
  path: Assets/InventoryMaster/Resources/Prefabs/EventSystem.prefab
  artifactKey: Guid(7ee7c9d39e4c31c4394b96b7dfb633be) Importer(815301076,1909f56bfc062723c751e8b465ee728b)
Start importing Assets/InventoryMaster/Resources/Prefabs/EventSystem.prefab using Guid(7ee7c9d39e4c31c4394b96b7dfb633be) Importer(815301076,1909f56bfc062723c751e8b465ee728b)  -> (artifact id: '0f597bd770f4aa207e686bf69133b29d') in 0.004947 seconds
Number of updated asset objects reloaded before import = 0
Number of asset objects unloaded after import = 7
========================================================================
Received Import Request.
  Time since last request: 0.000322 seconds.
  path: Assets/InventoryMaster/Resources/Prefabs/Item.prefab
  artifactKey: Guid(8beb0b8751c81ea4e9f32ea69a6856c3) Importer(815301076,1909f56bfc062723c751e8b465ee728b)
Start importing Assets/InventoryMaster/Resources/Prefabs/Item.prefab using Guid(8beb0b8751c81ea4e9f32ea69a6856c3) Importer(815301076,1909f56bfc062723c751e8b465ee728b)  -> (artifact id: '6fd77ef639cce1ae01a6833f5b43ce55') in 0.007666 seconds
Number of updated asset objects reloaded before import = 0
Number of asset objects unloaded after import = 28
========================================================================
Received Import Request.
  Time since last request: 0.000029 seconds.
  path: Assets/InventoryMaster/Resources/Prefabs/Panel - Hotbar.prefab
  artifactKey: Guid(003aff90a41c3cc4eb5819b6c2de55fb) Importer(815301076,1909f56bfc062723c751e8b465ee728b)
Start importing Assets/InventoryMaster/Resources/Prefabs/Panel - Hotbar.prefab using Guid(003aff90a41c3cc4eb5819b6c2de55fb) Importer(815301076,1909f56bfc062723c751e8b465ee728b)  -> (artifact id: '6370ebd14740986f9b4f8787d421516c') in 0.006549 seconds
Number of updated asset objects reloaded before import = 0
Number of asset objects unloaded after import = 52
========================================================================
Received Import Request.
  Time since last request: 0.000023 seconds.
  path: Assets/InventoryMaster/Resources/Prefabs/Panel - EquipmentSystem.prefab
  artifactKey: Guid(c09ae6926a2cd6148958f03f14572c54) Importer(815301076,1909f56bfc062723c751e8b465ee728b)
Start importing Assets/InventoryMaster/Resources/Prefabs/Panel - EquipmentSystem.prefab using Guid(c09ae6926a2cd6148958f03f14572c54) Importer(815301076,1909f56bfc062723c751e8b465ee728b)  -> (artifact id: 'bb5603d13933eb1d1381041b096eb3cd') in 0.005988 seconds
Number of updated asset objects reloaded before import = 0
Number of asset objects unloaded after import = 27
========================================================================
Received Import Request.
  Time since last request: 0.000026 seconds.
  path: Assets/InventoryMaster/Resources/Prefabs/Panel - CraftSystem.prefab
  artifactKey: Guid(1dfb12bfd7dc77649953ab74c5ce6c50) Importer(815301076,1909f56bfc062723c751e8b465ee728b)
Start importing Assets/InventoryMaster/Resources/Prefabs/Panel - CraftSystem.prefab using Guid(1dfb12bfd7dc77649953ab74c5ce6c50) Importer(815301076,1909f56bfc062723c751e8b465ee728b)  -> (artifact id: '980a12a3c42d651792903a67a1d59fbc') in 0.017848 seconds
Number of updated asset objects reloaded before import = 0
Number of asset objects unloaded after import = 88
========================================================================
Received Import Request.
  Time since last request: 1.177904 seconds.
  path: Assets/InventoryMaster/Resources/EditorWindowTextures/email-icon.png
  artifactKey: Guid(4125d53d60e7e71459dcfcd7e756c89b) Importer(815301076,1909f56bfc062723c751e8b465ee728b)
Start importing Assets/InventoryMaster/Resources/EditorWindowTextures/email-icon.png using Guid(4125d53d60e7e71459dcfcd7e756c89b) Importer(815301076,1909f56bfc062723c751e8b465ee728b)  -> (artifact id: 'b0c74a17df08b1e73631b2efcb045542') in 0.026731 seconds
Number of updated asset objects reloaded before import = 0
Number of asset objects unloaded after import = 2
========================================================================
Received Import Request.
  Time since last request: 0.000149 seconds.
  path: Assets/InventoryMaster/Resources/EditorWindowTextures/headTexture.jpg
  artifactKey: Guid(f614703724ebf39428e4cba870efadbb) Importer(815301076,1909f56bfc062723c751e8b465ee728b)
Start importing Assets/InventoryMaster/Resources/EditorWindowTextures/headTexture.jpg using Guid(f614703724ebf39428e4cba870efadbb) Importer(815301076,1909f56bfc062723c751e8b465ee728b)  -> (artifact id: '1d672ed40cb906400c05f269a756c36c') in 0.055179 seconds
Number of updated asset objects reloaded before import = 0
Number of asset objects unloaded after import = 2
========================================================================
Received Import Request.
  Time since last request: 2.420584 seconds.
  path: Assets/InventoryMaster/Textures/A_Armor04.png
  artifactKey: Guid(d13012f4abce7b241900001bf716f66e) Importer(815301076,1909f56bfc062723c751e8b465ee728b)
Start importing Assets/InventoryMaster/Textures/A_Armor04.png using Guid(d13012f4abce7b241900001bf716f66e) Importer(815301076,1909f56bfc062723c751e8b465ee728b)  -> (artifact id: 'a988a09d83db0b3c524ce23dc3f5dedb') in 0.050719 seconds
Number of updated asset objects reloaded before import = 0
Number of asset objects unloaded after import = 3
========================================================================
Received Import Request.
  Time since last request: 0.000020 seconds.
  path: Assets/InventoryMaster/Textures/A_Shoes01.png
  artifactKey: Guid(3677eacbc4390644e97df27f50b96587) Importer(815301076,1909f56bfc062723c751e8b465ee728b)
Start importing Assets/InventoryMaster/Textures/A_Shoes01.png using Guid(3677eacbc4390644e97df27f50b96587) Importer(815301076,1909f56bfc062723c751e8b465ee728b)  -> (artifact id: 'c2b42bb3a17246d93e8cd53e161ba3f1') in 0.040684 seconds
Number of updated asset objects reloaded before import = 0
Number of asset objects unloaded after import = 3
========================================================================
Received Import Request.
  Time since last request: 0.000279 seconds.
  path: Assets/InventoryMaster/Textures/A_Armour01.png
  artifactKey: Guid(fcd8bd2db18e92d42a7d14fc0e395888) Importer(815301076,1909f56bfc062723c751e8b465ee728b)
Start importing Assets/InventoryMaster/Textures/A_Armour01.png using Guid(fcd8bd2db18e92d42a7d14fc0e395888) Importer(815301076,1909f56bfc062723c751e8b465ee728b)  -> (artifact id: '08985a62ed20c0efef910b0e54b0ae3b') in 0.037254 seconds
Number of updated asset objects reloaded before import = 0
Number of asset objects unloaded after import = 3
========================================================================
Received Import Request.
  Time since last request: 0.000052 seconds.
  path: Assets/InventoryMaster/Textures/A_Clothing02.png
  artifactKey: Guid(34ce9c8524e37f549bc4de2bbdd96429) Importer(815301076,1909f56bfc062723c751e8b465ee728b)
Start importing Assets/InventoryMaster/Textures/A_Clothing02.png using Guid(34ce9c8524e37f549bc4de2bbdd96429) Importer(815301076,1909f56bfc062723c751e8b465ee728b)  -> (artifact id: '8b710c411f1892468ef68d806ea0e065') in 0.043296 seconds
Number of updated asset objects reloaded before import = 0
Number of asset objects unloaded after import = 3
========================================================================
Received Import Request.
  Time since last request: 13.082911 seconds.
  path: Assets/InventoryMaster/Examples/Example.unity
  artifactKey: Guid(a2f811dfcbbd60744a806d639f42f04e) Importer(815301076,1909f56bfc062723c751e8b465ee728b)
Start importing Assets/InventoryMaster/Examples/Example.unity using Guid(a2f811dfcbbd60744a806d639f42f04e) Importer(815301076,1909f56bfc062723c751e8b465ee728b)  -> (artifact id: '003e6130de93dcd57331a07dd20b9e5a') in 0.000979 seconds
Number of updated asset objects reloaded before import = 0
Number of asset objects unloaded after import = 0
========================================================================
Received Import Request.
  Time since last request: 40.089447 seconds.
  path: Assets/InventoryMaster/Textures/Example Inventory/2/Inventory_Panel.png
  artifactKey: Guid(80ad07ba3cdf62f4cac7ad6313e1a6f2) Importer(815301076,1909f56bfc062723c751e8b465ee728b)
Start importing Assets/InventoryMaster/Textures/Example Inventory/2/Inventory_Panel.png using Guid(80ad07ba3cdf62f4cac7ad6313e1a6f2) Importer(815301076,1909f56bfc062723c751e8b465ee728b)  -> (artifact id: 'f3af6e214911ea0239ae09ab598640ff') in 0.047763 seconds
Number of updated asset objects reloaded before import = 0
Number of asset objects unloaded after import = 3
Editor requested this worker to shutdown with reason: Scaling down because of idle timeout
TcpMessagingSession - receive error: operation aborted. errorcode: 995, details: The I/O operation has been aborted because of either a thread exit or an application request.
AssetImportWorker is now disconnected from the server
Process exiting
Exiting without the bug reporter. Application will terminate with return code 0