Using pre-set license
Built from '2022.3/release' branch; Version is '2022.3.20f1 (61c2feb0970d) revision 6406910'; Using compiler version '192829333'; Build Type 'Release'
OS: 'Windows 11  (10.0.22631) 64bit CoreSingleLanguage' Language: 'en' Physical Memory: 16085 MB
BatchMode: 1, IsHumanControllingUs: 0, StartBugReporterOnCrash: 0, Is64bit: 1, IsPro: 1

COMMAND LINE ARGUMENTS:
C:\Unity\2022.3.20f1\Editor\Unity.exe
-adb2
-batchMode
-noUpm
-name
AssetImportWorker7
-projectPath
C:/Battle Realms
-logFile
Logs/AssetImportWorker7.log
-srvPort
64830
Successfully changed project path to: C:/Battle Realms
C:/Battle Realms
[UnityMemory] Configuration Parameters - Can be set up in boot.config
    "memorysetup-bucket-allocator-granularity=16"
    "memorysetup-bucket-allocator-bucket-count=8"
    "memorysetup-bucket-allocator-block-size=33554432"
    "memorysetup-bucket-allocator-block-count=8"
    "memorysetup-main-allocator-block-size=16777216"
    "memorysetup-thread-allocator-block-size=16777216"
    "memorysetup-gfx-main-allocator-block-size=16777216"
    "memorysetup-gfx-thread-allocator-block-size=16777216"
    "memorysetup-cache-allocator-block-size=4194304"
    "memorysetup-typetree-allocator-block-size=2097152"
    "memorysetup-profiler-bucket-allocator-granularity=16"
    "memorysetup-profiler-bucket-allocator-bucket-count=8"
    "memorysetup-profiler-bucket-allocator-block-size=33554432"
    "memorysetup-profiler-bucket-allocator-block-count=8"
    "memorysetup-profiler-allocator-block-size=16777216"
    "memorysetup-profiler-editor-allocator-block-size=1048576"
    "memorysetup-temp-allocator-size-main=16777216"
    "memorysetup-job-temp-allocator-block-size=2097152"
    "memorysetup-job-temp-allocator-block-size-background=1048576"
    "memorysetup-job-temp-allocator-reduction-small-platforms=262144"
    "memorysetup-allocator-temp-initial-block-size-main=262144"
    "memorysetup-allocator-temp-initial-block-size-worker=262144"
    "memorysetup-temp-allocator-size-background-worker=32768"
    "memorysetup-temp-allocator-size-job-worker=262144"
    "memorysetup-temp-allocator-size-preload-manager=33554432"
    "memorysetup-temp-allocator-size-nav-mesh-worker=65536"
    "memorysetup-temp-allocator-size-audio-worker=65536"
    "memorysetup-temp-allocator-size-cloud-worker=32768"
    "memorysetup-temp-allocator-size-gi-baking-worker=262144"
    "memorysetup-temp-allocator-size-gfx=262144"
Player connection [9240] Host "[IP] 192.168.1.11 [Port] 0 [Flags] 2 [Guid] 3834608633 [EditorId] 3834608633 [Version] 1048832 [Id] WindowsEditor(7,MSI) [Debug] 1 [PackageName] WindowsEditor [ProjectName] Editor" joined multi-casting on [225.0.0.222:54997]...

Player connection [9240] Host "[IP] 192.168.1.11 [Port] 0 [Flags] 2 [Guid] 3834608633 [EditorId] 3834608633 [Version] 1048832 [Id] WindowsEditor(7,MSI) [Debug] 1 [PackageName] WindowsEditor [ProjectName] Editor" joined alternative multi-casting on [225.0.0.222:34997]...

[Physics::Module] Initialized MultithreadedJobDispatcher with 15 workers.
Refreshing native plugins compatible for Editor in 4400.14 ms, found 3 plugins.
Preloading 0 native plugins for Editor in 0.00 ms.
Initialize engine version: 2022.3.20f1 (61c2feb0970d)
[Subsystems] Discovering subsystems at path C:/Unity/2022.3.20f1/Editor/Data/Resources/UnitySubsystems
[Subsystems] Discovering subsystems at path C:/Battle Realms/Assets
GfxDevice: creating device client; threaded=0; jobified=0
Direct3D:
    Version:  Direct3D 11.0 [level 11.1]
    Renderer: NVIDIA GeForce RTX 3050 Laptop GPU (ID=0x25a2)
    Vendor:   NVIDIA
    VRAM:     3965 MB
    Driver:   32.0.15.6070
Initialize mono
Mono path[0] = 'C:/Unity/2022.3.20f1/Editor/Data/Managed'
Mono path[1] = 'C:/Unity/2022.3.20f1/Editor/Data/MonoBleedingEdge/lib/mono/unityjit-win32'
Mono config path = 'C:/Unity/2022.3.20f1/Editor/Data/MonoBleedingEdge/etc'
Using monoOptions --debugger-agent=transport=dt_socket,embedding=1,server=y,suspend=n,address=127.0.0.1:56660
Begin MonoManager ReloadAssembly
Registering precompiled unity dll's ...
Register platform support module: C:/Unity/2022.3.20f1/Editor/Data/PlaybackEngines/AndroidPlayer/UnityEditor.Android.Extensions.dll
Register platform support module: C:/Unity/2022.3.20f1/Editor/Data/PlaybackEngines/WindowsStandaloneSupport/UnityEditor.WindowsStandalone.Extensions.dll
Registered in 0.848793 seconds.
- Loaded All Assemblies, in 19.487 seconds
Native extension for WindowsStandalone target not found
Native extension for Android target not found
Android Extension - Scanning For ADB Devices 891 ms
Mono: successfully reloaded assembly
- Finished resetting the current domain, in  1.634 seconds
Domain Reload Profiling: 21118ms
	BeginReloadAssembly (13737ms)
		ExecutionOrderSort (0ms)
		DisableScriptedObjects (0ms)
		BackupInstance (0ms)
		ReleaseScriptingObjects (0ms)
		CreateAndSetChildDomain (3ms)
	RebuildCommonClasses (1311ms)
	RebuildNativeTypeToScriptingClass (14ms)
	initialDomainReloadingComplete (944ms)
	LoadAllAssembliesAndSetupDomain (3477ms)
		LoadAssemblies (13733ms)
		RebuildTransferFunctionScriptingTraits (0ms)
		AnalyzeDomain (3472ms)
			TypeCache.Refresh (3470ms)
				TypeCache.ScanAssembly (2735ms)
			ScanForSourceGeneratedMonoScriptInfo (0ms)
			ResolveRequiredComponents (1ms)
	FinalizeReload (1635ms)
		ReleaseScriptCaches (0ms)
		RebuildScriptCaches (0ms)
		SetupLoadedEditorAssemblies (1563ms)
			LogAssemblyErrors (0ms)
			InitializePlatformSupportModulesInManaged (1364ms)
			SetLoadedEditorAssemblies (4ms)
			RefreshPlugins (0ms)
			BeforeProcessingInitializeOnLoad (3ms)
			ProcessInitializeOnLoadAttributes (128ms)
			ProcessInitializeOnLoadMethodAttributes (63ms)
			AfterProcessingInitializeOnLoad (0ms)
			EditorAssembliesLoaded (0ms)
		ExecutionOrderSort2 (0ms)
		AwakeInstancesAfterBackupRestoration (0ms)
========================================================================
Worker process is ready to serve import requests
Begin MonoManager ReloadAssembly
- Loaded All Assemblies, in 22.262 seconds
Refreshing native plugins compatible for Editor in 19.74 ms, found 3 plugins.
Native extension for WindowsStandalone target not found
Native extension for Android target not found
[MODES] ModeService[none].Initialize
[MODES] ModeService[none].LoadModes
[MODES] Loading mode Default (0) for mode-current-id-Battle Realms
Package Manager log level set to [2]
[Package Manager] Server::EnsureServerProcessIsRunning -- launch failed, reason: Unity was launched with the -noUpm command-line argument
[Package Manager] UpmClient::Send -- Unable to send message (not connected to UPM process).
[Package Manager] Cannot connect to Unity Package Manager local server
Mono: successfully reloaded assembly
[Package Manager] Server::EnsureServerProcessIsRunning -- launch failed, reason: Unity was launched with the -noUpm command-line argument
[Package Manager] UpmClient::Send -- Unable to send message (not connected to UPM process).
[Package Manager] Cannot connect to Unity Package Manager local server
[Package Manager] Server::EnsureServerProcessIsRunning -- launch failed, reason: Unity was launched with the -noUpm command-line argument
[Package Manager] UpmClient::Send -- Unable to send message (not connected to UPM process).
[Package Manager] Cannot connect to Unity Package Manager local server
- Finished resetting the current domain, in  1.055 seconds
Domain Reload Profiling: 23307ms
	BeginReloadAssembly (200ms)
		ExecutionOrderSort (0ms)
		DisableScriptedObjects (7ms)
		BackupInstance (0ms)
		ReleaseScriptingObjects (0ms)
		CreateAndSetChildDomain (27ms)
	RebuildCommonClasses (39ms)
	RebuildNativeTypeToScriptingClass (11ms)
	initialDomainReloadingComplete (58ms)
	LoadAllAssembliesAndSetupDomain (21944ms)
		LoadAssemblies (20596ms)
		RebuildTransferFunctionScriptingTraits (0ms)
		AnalyzeDomain (1475ms)
			TypeCache.Refresh (1440ms)
				TypeCache.ScanAssembly (1295ms)
			ScanForSourceGeneratedMonoScriptInfo (26ms)
			ResolveRequiredComponents (8ms)
	FinalizeReload (1055ms)
		ReleaseScriptCaches (0ms)
		RebuildScriptCaches (0ms)
		SetupLoadedEditorAssemblies (856ms)
			LogAssemblyErrors (0ms)
			InitializePlatformSupportModulesInManaged (33ms)
			SetLoadedEditorAssemblies (6ms)
			RefreshPlugins (0ms)
			BeforeProcessingInitializeOnLoad (94ms)
			ProcessInitializeOnLoadAttributes (686ms)
			ProcessInitializeOnLoadMethodAttributes (20ms)
			AfterProcessingInitializeOnLoad (17ms)
			EditorAssembliesLoaded (0ms)
		ExecutionOrderSort2 (0ms)
		AwakeInstancesAfterBackupRestoration (8ms)
Launched and connected shader compiler UnityShaderCompiler.exe after 0.09 seconds
Refreshing native plugins compatible for Editor in 20.37 ms, found 3 plugins.
Preloading 0 native plugins for Editor in 0.00 ms.
Unloading 4174 Unused Serialized files (Serialized files now loaded: 0)
Unloading 91 unused Assets / (2.4 MB). Loaded Objects now: 4629.
Memory consumption went from 278.8 MB to 276.4 MB.
Total: 6.807800 ms (FindLiveObjects: 0.663400 ms CreateObjectMapping: 0.212100 ms MarkObjects: 4.997800 ms  DeleteObjects: 0.933100 ms)

AssetImportParameters requested are different than current active one (requested -> active):
  custom:container-demuxer-ogg: 62fdf1f143b41e24485cea50d1cbac27 -> 
  custom:video-decoder-ogg-theora: a1e56fd34408186e4bbccfd4996cb3dc -> 
  custom:framework-win-MediaFoundation: 216162199b28c13a410421893ffa2e32 -> 
  custom:CustomObjectIndexerAttribute: 6d391050e5a25f67b0a2c618074f2cd9 -> 
  custom:container-demuxer-webm: 4f35f7cbe854078d1ac9338744f61a02 -> 
  custom:container-muxer-webm: aa71ff27fc2769a1b78a27578f13a17b -> 
  custom:video-decoder-webm-vp8: 9c59270c3fd7afecdb556c50c9e8de78 -> 
  custom:SearchIndexIgnoredProperties: e643bd26f0fe6173181afceb89e7c659 -> 
  custom:AudioImporter_EditorPlatform: d09bf68614088b80899f8185d706f6e7 -> 
  custom:video-encoder-webm-vp8: eb34c28f22e8b96e1ab97ce403110664 -> 
  custom:audio-decoder-ogg-vorbis: bf7c407c2cedff20999df2af8eb42d56 -> 
  custom:scripting/monoscript/fileName/InventoryContent.cs: f0685def3f214f9362829846fa1f45e7 -> 
  custom:audio-encoder-webm-vorbis: bf7c407c2cedff20999df2af8eb42d56 -> 
========================================================================
Received Import Request.
  Time since last request: 432469.372616 seconds.
  path: Assets/InventoryMaster/Textures/I_C_Lemon.png
  artifactKey: Guid(28fcf070a8554c744ac1b423a8d0429e) Importer(815301076,1909f56bfc062723c751e8b465ee728b)
Start importing Assets/InventoryMaster/Textures/I_C_Lemon.png using Guid(28fcf070a8554c744ac1b423a8d0429e) Importer(815301076,1909f56bfc062723c751e8b465ee728b)  -> (artifact id: '026a925ba7b9054549c9bb2a9889f60c') in 0.105951 seconds
Number of updated asset objects reloaded before import = 0
Number of asset objects unloaded after import = 3
========================================================================
Received Import Request.
  Time since last request: 0.000029 seconds.
  path: Assets/InventoryMaster/Textures/I_Amethist.png
  artifactKey: Guid(d3bbd41ffd2d38e47a568bcb83986428) Importer(815301076,1909f56bfc062723c751e8b465ee728b)
Start importing Assets/InventoryMaster/Textures/I_Amethist.png using Guid(d3bbd41ffd2d38e47a568bcb83986428) Importer(815301076,1909f56bfc062723c751e8b465ee728b)  -> (artifact id: '45caa44b64d04dfc9a2753c78a45e6f7') in 0.029287 seconds
Number of updated asset objects reloaded before import = 0
Number of asset objects unloaded after import = 3
========================================================================
Received Import Request.
  Time since last request: 0.000039 seconds.
  path: Assets/InventoryMaster/Textures/I_BronzeCoin.png
  artifactKey: Guid(69eeb54ccac4ed64cbe883fa8bdc2726) Importer(815301076,1909f56bfc062723c751e8b465ee728b)
Start importing Assets/InventoryMaster/Textures/I_BronzeCoin.png using Guid(69eeb54ccac4ed64cbe883fa8bdc2726) Importer(815301076,1909f56bfc062723c751e8b465ee728b)  -> (artifact id: '248b2ebc60deb158627d051963438918') in 0.032411 seconds
Number of updated asset objects reloaded before import = 0
Number of asset objects unloaded after import = 3
========================================================================
Received Import Request.
  Time since last request: 0.000036 seconds.
  path: Assets/InventoryMaster/Textures/I_C_GreenPepper.png
  artifactKey: Guid(83f82b0d7009ae14bb439a9bfa494fd4) Importer(815301076,1909f56bfc062723c751e8b465ee728b)
Start importing Assets/InventoryMaster/Textures/I_C_GreenPepper.png using Guid(83f82b0d7009ae14bb439a9bfa494fd4) Importer(815301076,1909f56bfc062723c751e8b465ee728b)  -> (artifact id: 'f6b6ce162b23007070affac442c9756c') in 0.032068 seconds
Number of updated asset objects reloaded before import = 0
Number of asset objects unloaded after import = 3
========================================================================
Received Import Request.
  Time since last request: 0.000186 seconds.
  path: Assets/InventoryMaster/Textures/Feld.png
  artifactKey: Guid(5adb6c616e225254da3d397d16c54fdc) Importer(815301076,1909f56bfc062723c751e8b465ee728b)
Start importing Assets/InventoryMaster/Textures/Feld.png using Guid(5adb6c616e225254da3d397d16c54fdc) Importer(815301076,1909f56bfc062723c751e8b465ee728b)  -> (artifact id: '69cc5c20e7e38ff970e5c17704ccaf47') in 0.033021 seconds
Number of updated asset objects reloaded before import = 0
Number of asset objects unloaded after import = 3
========================================================================
Received Import Request.
  Time since last request: 0.000023 seconds.
  path: Assets/InventoryMaster/Textures/I_Bottle01.png
  artifactKey: Guid(ec7cf7b3cb1a4cb44bb134a97191870c) Importer(815301076,1909f56bfc062723c751e8b465ee728b)
Start importing Assets/InventoryMaster/Textures/I_Bottle01.png using Guid(ec7cf7b3cb1a4cb44bb134a97191870c) Importer(815301076,1909f56bfc062723c751e8b465ee728b)  -> (artifact id: '159a1815c1797311c1dc80310ad48e8b') in 0.038924 seconds
Number of updated asset objects reloaded before import = 0
Number of asset objects unloaded after import = 3
========================================================================
Received Import Request.
  Time since last request: 0.000026 seconds.
  path: Assets/InventoryMaster/Textures/I_Antidote.png
  artifactKey: Guid(a074e913df2a9d847ad114564ff156c1) Importer(815301076,1909f56bfc062723c751e8b465ee728b)
Start importing Assets/InventoryMaster/Textures/I_Antidote.png using Guid(a074e913df2a9d847ad114564ff156c1) Importer(815301076,1909f56bfc062723c751e8b465ee728b)  -> (artifact id: 'fe985bccc03ac294ae879f9567ee2252') in 0.031776 seconds
Number of updated asset objects reloaded before import = 0
Number of asset objects unloaded after import = 3
========================================================================
Received Import Request.
  Time since last request: 0.000032 seconds.
  path: Assets/InventoryMaster/Textures/I_C_Apple.png
  artifactKey: Guid(a4d3f378d1a88f346af15ee906321f2a) Importer(815301076,1909f56bfc062723c751e8b465ee728b)
Start importing Assets/InventoryMaster/Textures/I_C_Apple.png using Guid(a4d3f378d1a88f346af15ee906321f2a) Importer(815301076,1909f56bfc062723c751e8b465ee728b)  -> (artifact id: '0490ce5bcb93b1fa6e3b790ebed35263') in 0.034839 seconds
Number of updated asset objects reloaded before import = 0
Number of asset objects unloaded after import = 3
========================================================================
Received Import Request.
  Time since last request: 0.000026 seconds.
  path: Assets/InventoryMaster/Textures/I_BirdsBeak.png
  artifactKey: Guid(867f7e7be7a033f4aab1ba037478b25a) Importer(815301076,1909f56bfc062723c751e8b465ee728b)
Start importing Assets/InventoryMaster/Textures/I_BirdsBeak.png using Guid(867f7e7be7a033f4aab1ba037478b25a) Importer(815301076,1909f56bfc062723c751e8b465ee728b)  -> (artifact id: '31c7be7fde8e87796bf634959d60a220') in 0.031171 seconds
Number of updated asset objects reloaded before import = 0
Number of asset objects unloaded after import = 3
========================================================================
Received Import Request.
  Time since last request: 0.000020 seconds.
  path: Assets/InventoryMaster/Textures/E_Wood03.png
  artifactKey: Guid(38811686effe18748a489835a572ab2d) Importer(815301076,1909f56bfc062723c751e8b465ee728b)
Start importing Assets/InventoryMaster/Textures/E_Wood03.png using Guid(38811686effe18748a489835a572ab2d) Importer(815301076,1909f56bfc062723c751e8b465ee728b)  -> (artifact id: '35b6ffd3e844e69f10dd921f67d327f1') in 0.031415 seconds
Number of updated asset objects reloaded before import = 0
Number of asset objects unloaded after import = 3
========================================================================
Received Import Request.
  Time since last request: 0.000028 seconds.
  path: Assets/InventoryMaster/Textures/I_C_Cheese.png
  artifactKey: Guid(03bdef668bc5ec644b2aa3a92b54292a) Importer(815301076,1909f56bfc062723c751e8b465ee728b)
Start importing Assets/InventoryMaster/Textures/I_C_Cheese.png using Guid(03bdef668bc5ec644b2aa3a92b54292a) Importer(815301076,1909f56bfc062723c751e8b465ee728b)  -> (artifact id: '9987ed14f665eaaf2a628b7ef631789e') in 0.033254 seconds
Number of updated asset objects reloaded before import = 0
Number of asset objects unloaded after import = 3
========================================================================
Received Import Request.
  Time since last request: 0.000020 seconds.
  path: Assets/InventoryMaster/Textures/I_C_Fish.png
  artifactKey: Guid(13ff6d9115912c34b9fd03472bb03734) Importer(815301076,1909f56bfc062723c751e8b465ee728b)
Start importing Assets/InventoryMaster/Textures/I_C_Fish.png using Guid(13ff6d9115912c34b9fd03472bb03734) Importer(815301076,1909f56bfc062723c751e8b465ee728b)  -> (artifact id: '4e7f62e16c6227fe8fe0b8790bb439f5') in 0.031219 seconds
Number of updated asset objects reloaded before import = 0
Number of asset objects unloaded after import = 3
========================================================================
Received Import Request.
  Time since last request: 0.000021 seconds.
  path: Assets/InventoryMaster/Textures/I_Bottle03.png
  artifactKey: Guid(40c0544742cafa147882381221ff228a) Importer(815301076,1909f56bfc062723c751e8b465ee728b)
Start importing Assets/InventoryMaster/Textures/I_Bottle03.png using Guid(40c0544742cafa147882381221ff228a) Importer(815301076,1909f56bfc062723c751e8b465ee728b)  -> (artifact id: 'ae8de5199527e9d4fc8cc7cf596e891f') in 0.033444 seconds
Number of updated asset objects reloaded before import = 0
Number of asset objects unloaded after import = 3
========================================================================
Received Import Request.
  Time since last request: 0.000021 seconds.
  path: Assets/InventoryMaster/Textures/I_C_Meat.png
  artifactKey: Guid(bb168a366e12e314ca3e7cec990092fe) Importer(815301076,1909f56bfc062723c751e8b465ee728b)
Start importing Assets/InventoryMaster/Textures/I_C_Meat.png using Guid(bb168a366e12e314ca3e7cec990092fe) Importer(815301076,1909f56bfc062723c751e8b465ee728b)  -> (artifact id: '075256ddd0555dbe856cacc7d98f04e3') in 0.034612 seconds
Number of updated asset objects reloaded before import = 0
Number of asset objects unloaded after import = 3
========================================================================
Received Import Request.
  Time since last request: 0.000029 seconds.
  path: Assets/InventoryMaster/Textures/E_Wood04.png
  artifactKey: Guid(da4485cf717130847bc69dcdfa8ac824) Importer(815301076,1909f56bfc062723c751e8b465ee728b)
Start importing Assets/InventoryMaster/Textures/E_Wood04.png using Guid(da4485cf717130847bc69dcdfa8ac824) Importer(815301076,1909f56bfc062723c751e8b465ee728b)  -> (artifact id: 'dee0fcf5af57a22a0671ef1b2043cb0b') in 0.034497 seconds
Number of updated asset objects reloaded before import = 0
Number of asset objects unloaded after import = 3
========================================================================
Received Import Request.
  Time since last request: 0.000029 seconds.
  path: Assets/InventoryMaster/Textures/I_C_GreenGrapes.png
  artifactKey: Guid(2e74953987a5b8146b86fd4eb9e83ca4) Importer(815301076,1909f56bfc062723c751e8b465ee728b)
Start importing Assets/InventoryMaster/Textures/I_C_GreenGrapes.png using Guid(2e74953987a5b8146b86fd4eb9e83ca4) Importer(815301076,1909f56bfc062723c751e8b465ee728b)  -> (artifact id: 'b9cc1f0bb1483569a3da9762c19534da') in 0.035234 seconds
Number of updated asset objects reloaded before import = 0
Number of asset objects unloaded after import = 3
