Using pre-set license
Built from '2022.3/release' branch; Version is '2022.3.20f1 (61c2feb0970d) revision 6406910'; Using compiler version '192829333'; Build Type 'Release'
OS: 'Windows 11  (10.0.22631) 64bit CoreSingleLanguage' Language: 'en' Physical Memory: 16085 MB
BatchMode: 1, IsHumanControllingUs: 0, StartBugReporterOnCrash: 0, Is64bit: 1, IsPro: 1

COMMAND LINE ARGUMENTS:
C:\Unity\2022.3.20f1\Editor\Unity.exe
-adb2
-batchMode
-noUpm
-name
AssetImportWorker1
-projectPath
C:/Battle Realms
-logFile
Logs/AssetImportWorker1.log
-srvPort
64830
Successfully changed project path to: C:/Battle Realms
C:/Battle Realms
[UnityMemory] Configuration Parameters - Can be set up in boot.config
    "memorysetup-bucket-allocator-granularity=16"
    "memorysetup-bucket-allocator-bucket-count=8"
    "memorysetup-bucket-allocator-block-size=33554432"
    "memorysetup-bucket-allocator-block-count=8"
    "memorysetup-main-allocator-block-size=16777216"
    "memorysetup-thread-allocator-block-size=16777216"
    "memorysetup-gfx-main-allocator-block-size=16777216"
    "memorysetup-gfx-thread-allocator-block-size=16777216"
    "memorysetup-cache-allocator-block-size=4194304"
    "memorysetup-typetree-allocator-block-size=2097152"
    "memorysetup-profiler-bucket-allocator-granularity=16"
    "memorysetup-profiler-bucket-allocator-bucket-count=8"
    "memorysetup-profiler-bucket-allocator-block-size=33554432"
    "memorysetup-profiler-bucket-allocator-block-count=8"
    "memorysetup-profiler-allocator-block-size=16777216"
    "memorysetup-profiler-editor-allocator-block-size=1048576"
    "memorysetup-temp-allocator-size-main=16777216"
    "memorysetup-job-temp-allocator-block-size=2097152"
    "memorysetup-job-temp-allocator-block-size-background=1048576"
    "memorysetup-job-temp-allocator-reduction-small-platforms=262144"
    "memorysetup-allocator-temp-initial-block-size-main=262144"
    "memorysetup-allocator-temp-initial-block-size-worker=262144"
    "memorysetup-temp-allocator-size-background-worker=32768"
    "memorysetup-temp-allocator-size-job-worker=262144"
    "memorysetup-temp-allocator-size-preload-manager=33554432"
    "memorysetup-temp-allocator-size-nav-mesh-worker=65536"
    "memorysetup-temp-allocator-size-audio-worker=65536"
    "memorysetup-temp-allocator-size-cloud-worker=32768"
    "memorysetup-temp-allocator-size-gi-baking-worker=262144"
    "memorysetup-temp-allocator-size-gfx=262144"
Player connection [25096] Host "[IP] 192.168.1.11 [Port] 0 [Flags] 2 [Guid] 2453471441 [EditorId] 2453471441 [Version] 1048832 [Id] WindowsEditor(7,MSI) [Debug] 1 [PackageName] WindowsEditor [ProjectName] Editor" joined multi-casting on [225.0.0.222:54997]...

Player connection [25096] Host "[IP] 192.168.1.11 [Port] 0 [Flags] 2 [Guid] 2453471441 [EditorId] 2453471441 [Version] 1048832 [Id] WindowsEditor(7,MSI) [Debug] 1 [PackageName] WindowsEditor [ProjectName] Editor" joined alternative multi-casting on [225.0.0.222:34997]...

[Physics::Module] Initialized MultithreadedJobDispatcher with 15 workers.
Refreshing native plugins compatible for Editor in 12.83 ms, found 3 plugins.
Preloading 0 native plugins for Editor in 0.00 ms.
Initialize engine version: 2022.3.20f1 (61c2feb0970d)
[Subsystems] Discovering subsystems at path C:/Unity/2022.3.20f1/Editor/Data/Resources/UnitySubsystems
[Subsystems] Discovering subsystems at path C:/Battle Realms/Assets
GfxDevice: creating device client; threaded=0; jobified=0
Direct3D:
    Version:  Direct3D 11.0 [level 11.1]
    Renderer: NVIDIA GeForce RTX 3050 Laptop GPU (ID=0x25a2)
    Vendor:   NVIDIA
    VRAM:     3965 MB
    Driver:   32.0.15.6070
Initialize mono
Mono path[0] = 'C:/Unity/2022.3.20f1/Editor/Data/Managed'
Mono path[1] = 'C:/Unity/2022.3.20f1/Editor/Data/MonoBleedingEdge/lib/mono/unityjit-win32'
Mono config path = 'C:/Unity/2022.3.20f1/Editor/Data/MonoBleedingEdge/etc'
Using monoOptions --debugger-agent=transport=dt_socket,embedding=1,server=y,suspend=n,address=127.0.0.1:56616
Begin MonoManager ReloadAssembly
Registering precompiled unity dll's ...
Register platform support module: C:/Unity/2022.3.20f1/Editor/Data/PlaybackEngines/AndroidPlayer/UnityEditor.Android.Extensions.dll
Register platform support module: C:/Unity/2022.3.20f1/Editor/Data/PlaybackEngines/WindowsStandaloneSupport/UnityEditor.WindowsStandalone.Extensions.dll
Registered in 0.004692 seconds.
- Loaded All Assemblies, in  0.281 seconds
Native extension for WindowsStandalone target not found
Native extension for Android target not found
Android Extension - Scanning For ADB Devices 217 ms
Mono: successfully reloaded assembly
- Finished resetting the current domain, in  0.484 seconds
Domain Reload Profiling: 763ms
	BeginReloadAssembly (87ms)
		ExecutionOrderSort (0ms)
		DisableScriptedObjects (0ms)
		BackupInstance (0ms)
		ReleaseScriptingObjects (0ms)
		CreateAndSetChildDomain (1ms)
	RebuildCommonClasses (25ms)
	RebuildNativeTypeToScriptingClass (8ms)
	initialDomainReloadingComplete (43ms)
	LoadAllAssembliesAndSetupDomain (116ms)
		LoadAssemblies (86ms)
		RebuildTransferFunctionScriptingTraits (0ms)
		AnalyzeDomain (114ms)
			TypeCache.Refresh (113ms)
				TypeCache.ScanAssembly (102ms)
			ScanForSourceGeneratedMonoScriptInfo (0ms)
			ResolveRequiredComponents (0ms)
	FinalizeReload (484ms)
		ReleaseScriptCaches (0ms)
		RebuildScriptCaches (0ms)
		SetupLoadedEditorAssemblies (434ms)
			LogAssemblyErrors (0ms)
			InitializePlatformSupportModulesInManaged (306ms)
			SetLoadedEditorAssemblies (7ms)
			RefreshPlugins (0ms)
			BeforeProcessingInitializeOnLoad (2ms)
			ProcessInitializeOnLoadAttributes (83ms)
			ProcessInitializeOnLoadMethodAttributes (37ms)
			AfterProcessingInitializeOnLoad (0ms)
			EditorAssembliesLoaded (0ms)
		ExecutionOrderSort2 (0ms)
		AwakeInstancesAfterBackupRestoration (0ms)
========================================================================
Worker process is ready to serve import requests
Begin MonoManager ReloadAssembly
- Loaded All Assemblies, in  0.522 seconds
Refreshing native plugins compatible for Editor in 5.81 ms, found 3 plugins.
Native extension for WindowsStandalone target not found
Native extension for Android target not found
[MODES] ModeService[none].Initialize
[MODES] ModeService[none].LoadModes
[MODES] Loading mode Default (0) for mode-current-id-Battle Realms
Package Manager log level set to [2]
[Package Manager] Server::EnsureServerProcessIsRunning -- launch failed, reason: Unity was launched with the -noUpm command-line argument
[Package Manager] UpmClient::Send -- Unable to send message (not connected to UPM process).
[Package Manager] Cannot connect to Unity Package Manager local server
Mono: successfully reloaded assembly
[Package Manager] Server::EnsureServerProcessIsRunning -- launch failed, reason: Unity was launched with the -noUpm command-line argument
[Package Manager] UpmClient::Send -- Unable to send message (not connected to UPM process).
[Package Manager] Cannot connect to Unity Package Manager local server
[Package Manager] Server::EnsureServerProcessIsRunning -- launch failed, reason: Unity was launched with the -noUpm command-line argument
[Package Manager] UpmClient::Send -- Unable to send message (not connected to UPM process).
[Package Manager] Cannot connect to Unity Package Manager local server
- Finished resetting the current domain, in  0.561 seconds
Domain Reload Profiling: 1081ms
	BeginReloadAssembly (115ms)
		ExecutionOrderSort (0ms)
		DisableScriptedObjects (4ms)
		BackupInstance (0ms)
		ReleaseScriptingObjects (0ms)
		CreateAndSetChildDomain (18ms)
	RebuildCommonClasses (25ms)
	RebuildNativeTypeToScriptingClass (7ms)
	initialDomainReloadingComplete (37ms)
	LoadAllAssembliesAndSetupDomain (335ms)
		LoadAssemblies (266ms)
		RebuildTransferFunctionScriptingTraits (0ms)
		AnalyzeDomain (136ms)
			TypeCache.Refresh (115ms)
				TypeCache.ScanAssembly (101ms)
			ScanForSourceGeneratedMonoScriptInfo (15ms)
			ResolveRequiredComponents (4ms)
	FinalizeReload (562ms)
		ReleaseScriptCaches (0ms)
		RebuildScriptCaches (0ms)
		SetupLoadedEditorAssemblies (421ms)
			LogAssemblyErrors (0ms)
			InitializePlatformSupportModulesInManaged (20ms)
			SetLoadedEditorAssemblies (5ms)
			RefreshPlugins (0ms)
			BeforeProcessingInitializeOnLoad (58ms)
			ProcessInitializeOnLoadAttributes (319ms)
			ProcessInitializeOnLoadMethodAttributes (16ms)
			AfterProcessingInitializeOnLoad (4ms)
			EditorAssembliesLoaded (0ms)
		ExecutionOrderSort2 (0ms)
		AwakeInstancesAfterBackupRestoration (5ms)
Launched and connected shader compiler UnityShaderCompiler.exe after 0.04 seconds
Refreshing native plugins compatible for Editor in 4.57 ms, found 3 plugins.
Preloading 0 native plugins for Editor in 0.00 ms.
Unloading 4172 Unused Serialized files (Serialized files now loaded: 0)
Unloading 91 unused Assets / (2.4 MB). Loaded Objects now: 4627.
Memory consumption went from 278.8 MB to 276.3 MB.
Total: 3.025000 ms (FindLiveObjects: 0.236500 ms CreateObjectMapping: 0.104000 ms MarkObjects: 2.255300 ms  DeleteObjects: 0.428600 ms)

AssetImportParameters requested are different than current active one (requested -> active):
  custom:container-demuxer-ogg: 62fdf1f143b41e24485cea50d1cbac27 -> 
  custom:video-decoder-ogg-theora: a1e56fd34408186e4bbccfd4996cb3dc -> 
  custom:framework-win-MediaFoundation: 216162199b28c13a410421893ffa2e32 -> 
  custom:CustomObjectIndexerAttribute: 6d391050e5a25f67b0a2c618074f2cd9 -> 
  custom:container-demuxer-webm: 4f35f7cbe854078d1ac9338744f61a02 -> 
  custom:container-muxer-webm: aa71ff27fc2769a1b78a27578f13a17b -> 
  custom:video-decoder-webm-vp8: 9c59270c3fd7afecdb556c50c9e8de78 -> 
  custom:SearchIndexIgnoredProperties: e643bd26f0fe6173181afceb89e7c659 -> 
  custom:AudioImporter_EditorPlatform: d09bf68614088b80899f8185d706f6e7 -> 
  custom:video-encoder-webm-vp8: eb34c28f22e8b96e1ab97ce403110664 -> 
  custom:audio-decoder-ogg-vorbis: bf7c407c2cedff20999df2af8eb42d56 -> 
  custom:audio-encoder-webm-vorbis: bf7c407c2cedff20999df2af8eb42d56 -> 
========================================================================
Received Prepare
Begin MonoManager ReloadAssembly
- Loaded All Assemblies, in  0.374 seconds
Refreshing native plugins compatible for Editor in 5.62 ms, found 3 plugins.
Native extension for WindowsStandalone target not found
Native extension for Android target not found
[MODES] ModeService[none].Initialize
[MODES] ModeService[none].LoadModes
[MODES] Loading mode Default (0) for mode-current-id-Battle Realms
[Package Manager] Server::EnsureServerProcessIsRunning -- launch failed, reason: Unity was launched with the -noUpm command-line argument
[Package Manager] UpmClient::Send -- Unable to send message (not connected to UPM process).
[Package Manager] Cannot connect to Unity Package Manager local server
Mono: successfully reloaded assembly
[Package Manager] Server::EnsureServerProcessIsRunning -- launch failed, reason: Unity was launched with the -noUpm command-line argument
[Package Manager] UpmClient::Send -- Unable to send message (not connected to UPM process).
[Package Manager] Cannot connect to Unity Package Manager local server
- Finished resetting the current domain, in  0.751 seconds
Domain Reload Profiling: 1122ms
	BeginReloadAssembly (126ms)
		ExecutionOrderSort (0ms)
		DisableScriptedObjects (4ms)
		BackupInstance (0ms)
		ReleaseScriptingObjects (0ms)
		CreateAndSetChildDomain (27ms)
	RebuildCommonClasses (23ms)
	RebuildNativeTypeToScriptingClass (8ms)
	initialDomainReloadingComplete (27ms)
	LoadAllAssembliesAndSetupDomain (187ms)
		LoadAssemblies (248ms)
		RebuildTransferFunctionScriptingTraits (0ms)
		AnalyzeDomain (10ms)
			TypeCache.Refresh (5ms)
				TypeCache.ScanAssembly (0ms)
			ScanForSourceGeneratedMonoScriptInfo (0ms)
			ResolveRequiredComponents (5ms)
	FinalizeReload (751ms)
		ReleaseScriptCaches (0ms)
		RebuildScriptCaches (0ms)
		SetupLoadedEditorAssemblies (398ms)
			LogAssemblyErrors (0ms)
			InitializePlatformSupportModulesInManaged (17ms)
			SetLoadedEditorAssemblies (4ms)
			RefreshPlugins (0ms)
			BeforeProcessingInitializeOnLoad (56ms)
			ProcessInitializeOnLoadAttributes (302ms)
			ProcessInitializeOnLoadMethodAttributes (15ms)
			AfterProcessingInitializeOnLoad (4ms)
			EditorAssembliesLoaded (0ms)
		ExecutionOrderSort2 (0ms)
		AwakeInstancesAfterBackupRestoration (6ms)
Refreshing native plugins compatible for Editor in 6.22 ms, found 3 plugins.
Preloading 0 native plugins for Editor in 0.00 ms.
Unloading 4050 Unused Serialized files (Serialized files now loaded: 0)
Unloading 63 unused Assets / (2.4 MB). Loaded Objects now: 4643.
Memory consumption went from 251.6 MB to 249.2 MB.
Total: 3.308000 ms (FindLiveObjects: 0.236400 ms CreateObjectMapping: 0.107800 ms MarkObjects: 2.516200 ms  DeleteObjects: 0.446500 ms)

Prepare: number of updated asset objects reloaded= 0
AssetImportParameters requested are different than current active one (requested -> active):
  custom:container-demuxer-ogg: 62fdf1f143b41e24485cea50d1cbac27 -> 
  custom:video-decoder-ogg-theora: a1e56fd34408186e4bbccfd4996cb3dc -> 
  custom:framework-win-MediaFoundation: 216162199b28c13a410421893ffa2e32 -> 
  custom:CustomObjectIndexerAttribute: 6d391050e5a25f67b0a2c618074f2cd9 -> 
  custom:container-demuxer-webm: 4f35f7cbe854078d1ac9338744f61a02 -> 
  custom:container-muxer-webm: aa71ff27fc2769a1b78a27578f13a17b -> 
  custom:video-decoder-webm-vp8: 9c59270c3fd7afecdb556c50c9e8de78 -> 
  custom:SearchIndexIgnoredProperties: e643bd26f0fe6173181afceb89e7c659 -> 
  custom:AudioImporter_EditorPlatform: d09bf68614088b80899f8185d706f6e7 -> 
  custom:video-encoder-webm-vp8: eb34c28f22e8b96e1ab97ce403110664 -> 
  custom:audio-decoder-ogg-vorbis: bf7c407c2cedff20999df2af8eb42d56 -> 
  custom:audio-encoder-webm-vorbis: bf7c407c2cedff20999df2af8eb42d56 -> 
========================================================================
Received Import Request.
  Time since last request: 411921.061617 seconds.
  path: Assets/03.Prefabs/Monsters/HP_Golem.prefab
  artifactKey: Guid(c9bc790a133e19c40b64d6db4cfb7a22) Importer(815301076,1909f56bfc062723c751e8b465ee728b)
Start importing Assets/03.Prefabs/Monsters/HP_Golem.prefab using Guid(c9bc790a133e19c40b64d6db4cfb7a22) Importer(815301076,1909f56bfc062723c751e8b465ee728b)  -> (artifact id: 'b6341cce1979119f3df93c13bd3d9916') in 0.234959 seconds
Number of updated asset objects reloaded before import = 0
Number of asset objects unloaded after import = 80
========================================================================
Received Import Request.
  Time since last request: 0.000024 seconds.
  path: Assets/03.Prefabs/Monsters/PBR_Golem.prefab
  artifactKey: Guid(6bbfea6690ef7724ba495c866081f855) Importer(815301076,1909f56bfc062723c751e8b465ee728b)
Start importing Assets/03.Prefabs/Monsters/PBR_Golem.prefab using Guid(6bbfea6690ef7724ba495c866081f855) Importer(815301076,1909f56bfc062723c751e8b465ee728b)  -> (artifact id: '1644b9f2420a52f1c6c0da455c616464') in 0.331163 seconds
Number of updated asset objects reloaded before import = 0
Number of asset objects unloaded after import = 84
========================================================================
Received Prepare
Begin MonoManager ReloadAssembly
- Loaded All Assemblies, in  0.416 seconds
Refreshing native plugins compatible for Editor in 5.99 ms, found 3 plugins.
Native extension for WindowsStandalone target not found
Native extension for Android target not found
[MODES] ModeService[none].Initialize
[MODES] ModeService[none].LoadModes
[MODES] Loading mode Default (0) for mode-current-id-Battle Realms
[Package Manager] Server::EnsureServerProcessIsRunning -- launch failed, reason: Unity was launched with the -noUpm command-line argument
[Package Manager] UpmClient::Send -- Unable to send message (not connected to UPM process).
[Package Manager] Cannot connect to Unity Package Manager local server
Mono: successfully reloaded assembly
[Package Manager] Server::EnsureServerProcessIsRunning -- launch failed, reason: Unity was launched with the -noUpm command-line argument
[Package Manager] UpmClient::Send -- Unable to send message (not connected to UPM process).
[Package Manager] Cannot connect to Unity Package Manager local server
- Finished resetting the current domain, in  0.771 seconds
Domain Reload Profiling: 1183ms
	BeginReloadAssembly (137ms)
		ExecutionOrderSort (0ms)
		DisableScriptedObjects (3ms)
		BackupInstance (0ms)
		ReleaseScriptingObjects (0ms)
		CreateAndSetChildDomain (33ms)
	RebuildCommonClasses (23ms)
	RebuildNativeTypeToScriptingClass (9ms)
	initialDomainReloadingComplete (31ms)
	LoadAllAssembliesAndSetupDomain (212ms)
		LoadAssemblies (267ms)
		RebuildTransferFunctionScriptingTraits (0ms)
		AnalyzeDomain (20ms)
			TypeCache.Refresh (9ms)
				TypeCache.ScanAssembly (1ms)
			ScanForSourceGeneratedMonoScriptInfo (6ms)
			ResolveRequiredComponents (5ms)
	FinalizeReload (771ms)
		ReleaseScriptCaches (0ms)
		RebuildScriptCaches (0ms)
		SetupLoadedEditorAssemblies (381ms)
			LogAssemblyErrors (0ms)
			InitializePlatformSupportModulesInManaged (18ms)
			SetLoadedEditorAssemblies (4ms)
			RefreshPlugins (0ms)
			BeforeProcessingInitializeOnLoad (56ms)
			ProcessInitializeOnLoadAttributes (284ms)
			ProcessInitializeOnLoadMethodAttributes (14ms)
			AfterProcessingInitializeOnLoad (4ms)
			EditorAssembliesLoaded (0ms)
		ExecutionOrderSort2 (0ms)
		AwakeInstancesAfterBackupRestoration (6ms)
Refreshing native plugins compatible for Editor in 6.04 ms, found 3 plugins.
Preloading 0 native plugins for Editor in 0.00 ms.
Unloading 4049 Unused Serialized files (Serialized files now loaded: 0)
Unloading 63 unused Assets / (2.4 MB). Loaded Objects now: 4667.
Memory consumption went from 255.0 MB to 252.6 MB.
Total: 3.004400 ms (FindLiveObjects: 0.213400 ms CreateObjectMapping: 0.098800 ms MarkObjects: 2.247200 ms  DeleteObjects: 0.444000 ms)

Prepare: number of updated asset objects reloaded= 0
AssetImportParameters requested are different than current active one (requested -> active):
  custom:container-demuxer-ogg: 62fdf1f143b41e24485cea50d1cbac27 -> 
  custom:video-decoder-ogg-theora: a1e56fd34408186e4bbccfd4996cb3dc -> 
  custom:framework-win-MediaFoundation: 216162199b28c13a410421893ffa2e32 -> 
  custom:CustomObjectIndexerAttribute: 6d391050e5a25f67b0a2c618074f2cd9 -> 
  custom:container-demuxer-webm: 4f35f7cbe854078d1ac9338744f61a02 -> 
  custom:container-muxer-webm: aa71ff27fc2769a1b78a27578f13a17b -> 
  custom:video-decoder-webm-vp8: 9c59270c3fd7afecdb556c50c9e8de78 -> 
  custom:SearchIndexIgnoredProperties: e643bd26f0fe6173181afceb89e7c659 -> 
  custom:AudioImporter_EditorPlatform: d09bf68614088b80899f8185d706f6e7 -> 
  custom:video-encoder-webm-vp8: eb34c28f22e8b96e1ab97ce403110664 -> 
  custom:audio-decoder-ogg-vorbis: bf7c407c2cedff20999df2af8eb42d56 -> 
  custom:audio-encoder-webm-vorbis: bf7c407c2cedff20999df2af8eb42d56 -> 
========================================================================
Received Import Request.
  Time since last request: 1787.780538 seconds.
  path: Assets/InventoryMaster/New Terrain 1.asset
  artifactKey: Guid(85634f7113a465042977401624e967fd) Importer(815301076,1909f56bfc062723c751e8b465ee728b)
Start importing Assets/InventoryMaster/New Terrain 1.asset using Guid(85634f7113a465042977401624e967fd) Importer(815301076,1909f56bfc062723c751e8b465ee728b)  -> (artifact id: '30f59294abc482b340d9621215733a35') in 0.101113 seconds
Number of updated asset objects reloaded before import = 0
Number of asset objects unloaded after import = 1
========================================================================
Received Import Request.
  Time since last request: 0.000018 seconds.
  path: Assets/InventoryMaster/New Terrain 3.asset
  artifactKey: Guid(2cb116b182dee3f409d7c2dc8d2a71ca) Importer(815301076,1909f56bfc062723c751e8b465ee728b)
Start importing Assets/InventoryMaster/New Terrain 3.asset using Guid(2cb116b182dee3f409d7c2dc8d2a71ca) Importer(815301076,1909f56bfc062723c751e8b465ee728b)  -> (artifact id: '67dd79d8916b61330ff13f0f5cc21653') in 0.079214 seconds
Number of updated asset objects reloaded before import = 0
Number of asset objects unloaded after import = 1
========================================================================
Received Import Request.
  Time since last request: 4.245141 seconds.
  path: Assets/InventoryAsset/Icons/496_RPG_icons/A_Armor05.png
  artifactKey: Guid(f140213409172fe4caef8ee8e6c59087) Importer(815301076,1909f56bfc062723c751e8b465ee728b)
Start importing Assets/InventoryAsset/Icons/496_RPG_icons/A_Armor05.png using Guid(f140213409172fe4caef8ee8e6c59087) Importer(815301076,1909f56bfc062723c751e8b465ee728b)  -> (artifact id: '09cd695cda18d1262876310d8243712e') in 0.073220 seconds
Number of updated asset objects reloaded before import = 0
Number of asset objects unloaded after import = 3
========================================================================
Received Import Request.
  Time since last request: 0.000021 seconds.
  path: Assets/InventoryAsset/Icons/496_RPG_icons/A_Clothing02.png
  artifactKey: Guid(9fd8b1795527def439a073c55fb5d5c6) Importer(815301076,1909f56bfc062723c751e8b465ee728b)
Start importing Assets/InventoryAsset/Icons/496_RPG_icons/A_Clothing02.png using Guid(9fd8b1795527def439a073c55fb5d5c6) Importer(815301076,1909f56bfc062723c751e8b465ee728b)  -> (artifact id: 'deb125a25453c2b19fa54558b356f171') in 0.021463 seconds
Number of updated asset objects reloaded before import = 0
Number of asset objects unloaded after import = 3
========================================================================
Received Import Request.
  Time since last request: 0.000030 seconds.
  path: Assets/InventoryAsset/Icons/496_RPG_icons/A_Armour02.png
  artifactKey: Guid(90618c52abe9df54ca2fb30c4dc09263) Importer(815301076,1909f56bfc062723c751e8b465ee728b)
Start importing Assets/InventoryAsset/Icons/496_RPG_icons/A_Armour02.png using Guid(90618c52abe9df54ca2fb30c4dc09263) Importer(815301076,1909f56bfc062723c751e8b465ee728b)  -> (artifact id: 'b1d18386d2b035d407f4b32b1ef38ae2') in 0.019398 seconds
Number of updated asset objects reloaded before import = 0
Number of asset objects unloaded after import = 3
========================================================================
Received Import Request.
  Time since last request: 0.000031 seconds.
  path: Assets/InventoryAsset/Icons/496_RPG_icons/A_Shoes01.png
  artifactKey: Guid(fe81e13c1e693904da7169cb61230b0d) Importer(815301076,1909f56bfc062723c751e8b465ee728b)
Start importing Assets/InventoryAsset/Icons/496_RPG_icons/A_Shoes01.png using Guid(fe81e13c1e693904da7169cb61230b0d) Importer(815301076,1909f56bfc062723c751e8b465ee728b)  -> (artifact id: 'f0b91ce04fd991cf335a5ab510910248') in 0.012090 seconds
Number of updated asset objects reloaded before import = 0
Number of asset objects unloaded after import = 3
========================================================================
Received Import Request.
  Time since last request: 19.210587 seconds.
  path: Assets/InventoryAsset/InventoryUI/Slots/Slot.prefab
  artifactKey: Guid(430821e15f399204a836c6e0d281640f) Importer(815301076,1909f56bfc062723c751e8b465ee728b)
Start importing Assets/InventoryAsset/InventoryUI/Slots/Slot.prefab using Guid(430821e15f399204a836c6e0d281640f) Importer(815301076,1909f56bfc062723c751e8b465ee728b)  -> (artifact id: 'd4a890c614061063ed1b86f89135bf21') in 0.155405 seconds
Number of updated asset objects reloaded before import = 0
Number of asset objects unloaded after import = 25
========================================================================
Received Import Request.
  Time since last request: 28.964106 seconds.
  path: Assets/InventoryAsset/InventoryUI/Slots/SlotSprites/inventorySlot (1).png
  artifactKey: Guid(14307dfd1b2de934d86b4c6e96edd78d) Importer(815301076,1909f56bfc062723c751e8b465ee728b)
Start importing Assets/InventoryAsset/InventoryUI/Slots/SlotSprites/inventorySlot (1).png using Guid(14307dfd1b2de934d86b4c6e96edd78d) Importer(815301076,1909f56bfc062723c751e8b465ee728b)  -> (artifact id: 'd3b1764d4a09f3153603c71e0e104ba9') in 0.071222 seconds
Number of updated asset objects reloaded before import = 0
Number of asset objects unloaded after import = 4
========================================================================
Received Import Request.
  Time since last request: 0.000056 seconds.
  path: Assets/InventoryAsset/InventoryUI/Slots/SlotSprites/Slot_DarkGreen_Brown.psd
  artifactKey: Guid(c38aea2122dd80c48b08d694d4a7cd02) Importer(815301076,1909f56bfc062723c751e8b465ee728b)
Start importing Assets/InventoryAsset/InventoryUI/Slots/SlotSprites/Slot_DarkGreen_Brown.psd using Guid(c38aea2122dd80c48b08d694d4a7cd02) Importer(815301076,1909f56bfc062723c751e8b465ee728b)  -> (artifact id: '03974276a1bdbde09c448f9d32f519b1') in 0.039721 seconds
Number of updated asset objects reloaded before import = 0
Number of asset objects unloaded after import = 3
========================================================================
Received Import Request.
  Time since last request: 0.000046 seconds.
  path: Assets/InventoryAsset/InventoryUI/Slots/SlotSprites/Slot_Green_Brown.psd
  artifactKey: Guid(bd1b9f63dd0598644a2e4e1d4a7ff07a) Importer(815301076,1909f56bfc062723c751e8b465ee728b)
Start importing Assets/InventoryAsset/InventoryUI/Slots/SlotSprites/Slot_Green_Brown.psd using Guid(bd1b9f63dd0598644a2e4e1d4a7ff07a) Importer(815301076,1909f56bfc062723c751e8b465ee728b)  -> (artifact id: 'e42bc63214f3ce642d59066c34c4538b') in 0.027298 seconds
Number of updated asset objects reloaded before import = 0
Number of asset objects unloaded after import = 3
========================================================================
Received Import Request.
  Time since last request: 23.521240 seconds.
  path: Assets/InventoryMaster/Fonts/American Purpose.ttf
  artifactKey: Guid(1dff1b849d412984484f5e6b05356073) Importer(815301076,1909f56bfc062723c751e8b465ee728b)
Start importing Assets/InventoryMaster/Fonts/American Purpose.ttf using Guid(1dff1b849d412984484f5e6b05356073) Importer(815301076,1909f56bfc062723c751e8b465ee728b)  -> (artifact id: 'd5e2d14bb1863e2e340f1183cfc5e7d8') in 0.093249 seconds
Number of updated asset objects reloaded before import = 0
Number of asset objects unloaded after import = 4
========================================================================
Received Import Request.
  Time since last request: 0.000024 seconds.
  path: Assets/InventoryMaster/Fonts/American Purpose STRIPE 1 Bold Italic.otf
  artifactKey: Guid(9b6be309d4c8dc8458e0b693423c5c69) Importer(815301076,1909f56bfc062723c751e8b465ee728b)
Start importing Assets/InventoryMaster/Fonts/American Purpose STRIPE 1 Bold Italic.otf using Guid(9b6be309d4c8dc8458e0b693423c5c69) Importer(815301076,1909f56bfc062723c751e8b465ee728b)  -> (artifact id: 'e49c440586ef3e57febda638835f208f') in 0.018831 seconds
Number of updated asset objects reloaded before import = 0
Number of asset objects unloaded after import = 4
========================================================================
Received Import Request.
  Time since last request: 0.000105 seconds.
  path: Assets/InventoryMaster/Fonts/American Purpose STRIPE 1 Bold.ttf
  artifactKey: Guid(8c6210bd8bdfde34d81615b1694b8655) Importer(815301076,1909f56bfc062723c751e8b465ee728b)
Start importing Assets/InventoryMaster/Fonts/American Purpose STRIPE 1 Bold.ttf using Guid(8c6210bd8bdfde34d81615b1694b8655) Importer(815301076,1909f56bfc062723c751e8b465ee728b)  -> (artifact id: '53361feefca2f86b2db003219b27e6fb') in 0.017907 seconds
Number of updated asset objects reloaded before import = 0
Number of asset objects unloaded after import = 4
========================================================================
Received Import Request.
  Time since last request: 0.000213 seconds.
  path: Assets/InventoryMaster/Fonts/American Purpose STRIPE 1 Bold Italic.ttf
  artifactKey: Guid(6aca2f98d33eb234bb287b9b3a2406c8) Importer(815301076,1909f56bfc062723c751e8b465ee728b)
Start importing Assets/InventoryMaster/Fonts/American Purpose STRIPE 1 Bold Italic.ttf using Guid(6aca2f98d33eb234bb287b9b3a2406c8) Importer(815301076,1909f56bfc062723c751e8b465ee728b)  -> (artifact id: '8916626554ffd2141b3f6f15f8d0fd16') in 0.017560 seconds
Number of updated asset objects reloaded before import = 0
Number of asset objects unloaded after import = 4
========================================================================
Received Import Request.
  Time since last request: 0.000020 seconds.
  path: Assets/InventoryMaster/Fonts/American Purpose STRIPE 1 Normal Italic.otf
  artifactKey: Guid(3fb4116e675dbeb42bc118526b8af6ae) Importer(815301076,1909f56bfc062723c751e8b465ee728b)
Start importing Assets/InventoryMaster/Fonts/American Purpose STRIPE 1 Normal Italic.otf using Guid(3fb4116e675dbeb42bc118526b8af6ae) Importer(815301076,1909f56bfc062723c751e8b465ee728b)  -> (artifact id: '6c5bc950b2f332e1dd8a06d3c18e245e') in 0.012630 seconds
Number of updated asset objects reloaded before import = 0
Number of asset objects unloaded after import = 4
========================================================================
Received Import Request.
  Time since last request: 2.637440 seconds.
  path: Assets/InventoryMaster/Examples/New Terrain 1.asset
  artifactKey: Guid(837bd666e4ed1cd45a4f867f0b43646e) Importer(815301076,1909f56bfc062723c751e8b465ee728b)
Start importing Assets/InventoryMaster/Examples/New Terrain 1.asset using Guid(837bd666e4ed1cd45a4f867f0b43646e) Importer(815301076,1909f56bfc062723c751e8b465ee728b)  -> (artifact id: 'a880fb208ed051d204a1414eb0d2da74') in 0.081604 seconds
Number of updated asset objects reloaded before import = 0
Number of asset objects unloaded after import = 1
========================================================================
Received Import Request.
  Time since last request: 0.000012 seconds.
  path: Assets/InventoryMaster/Examples/New Terrain 2.asset
  artifactKey: Guid(1ee973227eec7cb459c45b0c21f16166) Importer(815301076,1909f56bfc062723c751e8b465ee728b)
Start importing Assets/InventoryMaster/Examples/New Terrain 2.asset using Guid(1ee973227eec7cb459c45b0c21f16166) Importer(815301076,1909f56bfc062723c751e8b465ee728b)  -> (artifact id: '57080e47063403049341de7fd45efbfb') in 0.080011 seconds
Number of updated asset objects reloaded before import = 0
Number of asset objects unloaded after import = 1
========================================================================
Received Import Request.
  Time since last request: 2.085817 seconds.
  path: Assets/InventoryMaster/Resources/BlueprintDatabase.asset
  artifactKey: Guid(235a27c215dffdd48b72d99c7af86101) Importer(815301076,1909f56bfc062723c751e8b465ee728b)
Start importing Assets/InventoryMaster/Resources/BlueprintDatabase.asset using Guid(235a27c215dffdd48b72d99c7af86101) Importer(815301076,1909f56bfc062723c751e8b465ee728b)  -> (artifact id: '1748079c891b06d1da78469bc8e9a220') in 0.002666 seconds
Number of updated asset objects reloaded before import = 0
Number of asset objects unloaded after import = 2
========================================================================
Received Import Request.
  Time since last request: 0.000019 seconds.
  path: Assets/InventoryMaster/Resources/New Terrain.asset
  artifactKey: Guid(2bd29c6ee85cba942ae99b74c05dbf01) Importer(815301076,1909f56bfc062723c751e8b465ee728b)
Start importing Assets/InventoryMaster/Resources/New Terrain.asset using Guid(2bd29c6ee85cba942ae99b74c05dbf01) Importer(815301076,1909f56bfc062723c751e8b465ee728b)  -> (artifact id: '0c5c2430e37cd1d2d1b8d64b68163de0') in 0.104070 seconds
Number of updated asset objects reloaded before import = 0
Number of asset objects unloaded after import = 1
========================================================================
Received Import Request.
  Time since last request: 1.615740 seconds.
  path: Assets/InventoryMaster/Resources/Prefabs/DraggingItem.prefab
  artifactKey: Guid(2af5d33a89bbcd5429f9dca7d340fa20) Importer(815301076,1909f56bfc062723c751e8b465ee728b)
Start importing Assets/InventoryMaster/Resources/Prefabs/DraggingItem.prefab using Guid(2af5d33a89bbcd5429f9dca7d340fa20) Importer(815301076,1909f56bfc062723c751e8b465ee728b)  -> (artifact id: 'd5c1254ec13e151119a2f9afa3508d68') in 0.002861 seconds
Number of updated asset objects reloaded before import = 0
Number of asset objects unloaded after import = 4
========================================================================
Received Import Request.
  Time since last request: 0.000018 seconds.
  path: Assets/InventoryMaster/Resources/Prefabs/ItemOnTheGround.prefab
  artifactKey: Guid(40da790cc27843b45b9c255c8d996b43) Importer(815301076,1909f56bfc062723c751e8b465ee728b)
Start importing Assets/InventoryMaster/Resources/Prefabs/ItemOnTheGround.prefab using Guid(40da790cc27843b45b9c255c8d996b43) Importer(815301076,1909f56bfc062723c751e8b465ee728b)  -> (artifact id: '0b0613db0fc2b6ea1057afbf38708bf0') in 0.036829 seconds
Number of updated asset objects reloaded before import = 0
Number of asset objects unloaded after import = 7
========================================================================
Received Import Request.
  Time since last request: 0.000062 seconds.
  path: Assets/InventoryMaster/Resources/Prefabs/Items - Inventory.prefab
  artifactKey: Guid(559390f26f12e904fb69ca11aa9dafd6) Importer(815301076,1909f56bfc062723c751e8b465ee728b)
Start importing Assets/InventoryMaster/Resources/Prefabs/Items - Inventory.prefab using Guid(559390f26f12e904fb69ca11aa9dafd6) Importer(815301076,1909f56bfc062723c751e8b465ee728b)  -> (artifact id: '9e88b527c731f2e26a70ba9e4e230fb6') in 0.006773 seconds
Number of updated asset objects reloaded before import = 0
Number of asset objects unloaded after import = 5
========================================================================
Received Import Request.
  Time since last request: 1.185405 seconds.
  path: Assets/InventoryMaster/Resources/EditorWindowTextures/folder-icon.png
  artifactKey: Guid(4c35cd78f323be44890a1dea95fb1e77) Importer(815301076,1909f56bfc062723c751e8b465ee728b)
Start importing Assets/InventoryMaster/Resources/EditorWindowTextures/folder-icon.png using Guid(4c35cd78f323be44890a1dea95fb1e77) Importer(815301076,1909f56bfc062723c751e8b465ee728b)  -> (artifact id: '827a153e3ed805d3cafa467600584926') in 0.035301 seconds
Number of updated asset objects reloaded before import = 0
Number of asset objects unloaded after import = 2
========================================================================
Received Import Request.
  Time since last request: 0.000114 seconds.
  path: Assets/InventoryMaster/Resources/EditorWindowTextures/skype-icon.png
  artifactKey: Guid(f716b23ea444f4343b89d3a580d78b7c) Importer(815301076,1909f56bfc062723c751e8b465ee728b)
Start importing Assets/InventoryMaster/Resources/EditorWindowTextures/skype-icon.png using Guid(f716b23ea444f4343b89d3a580d78b7c) Importer(815301076,1909f56bfc062723c751e8b465ee728b)  -> (artifact id: '8548f75c79f4b26b97bbce8f161c4fb3') in 0.045833 seconds
Number of updated asset objects reloaded before import = 0
Number of asset objects unloaded after import = 2
========================================================================
Received Import Request.
  Time since last request: 2.417527 seconds.
  path: Assets/InventoryMaster/Textures/A_Armor05.png
  artifactKey: Guid(fa96832082fe213428b65ad2180b0a36) Importer(815301076,1909f56bfc062723c751e8b465ee728b)
Start importing Assets/InventoryMaster/Textures/A_Armor05.png using Guid(fa96832082fe213428b65ad2180b0a36) Importer(815301076,1909f56bfc062723c751e8b465ee728b)  -> (artifact id: 'de3e801a77fbafa51ed3a23521439d05') in 0.049839 seconds
Number of updated asset objects reloaded before import = 0
Number of asset objects unloaded after import = 3
========================================================================
Received Import Request.
  Time since last request: 0.000136 seconds.
  path: Assets/InventoryMaster/Textures/A_Armour03.png
  artifactKey: Guid(22012799e7b2d3f41b2c05e0c71541f6) Importer(815301076,1909f56bfc062723c751e8b465ee728b)
Start importing Assets/InventoryMaster/Textures/A_Armour03.png using Guid(22012799e7b2d3f41b2c05e0c71541f6) Importer(815301076,1909f56bfc062723c751e8b465ee728b)  -> (artifact id: '22474f60e3ed1ec977314139cba544e4') in 0.040748 seconds
Number of updated asset objects reloaded before import = 0
Number of asset objects unloaded after import = 3
========================================================================
Received Import Request.
  Time since last request: 0.000012 seconds.
  path: Assets/InventoryMaster/Textures/A_Armour02.png
  artifactKey: Guid(f5e3bff24c9077445a126833256147bd) Importer(815301076,1909f56bfc062723c751e8b465ee728b)
Start importing Assets/InventoryMaster/Textures/A_Armour02.png using Guid(f5e3bff24c9077445a126833256147bd) Importer(815301076,1909f56bfc062723c751e8b465ee728b)  -> (artifact id: 'a1951ace6fffa726f30b9029eec7c7ee') in 0.037618 seconds
Number of updated asset objects reloaded before import = 0
Number of asset objects unloaded after import = 3
========================================================================
Received Import Request.
  Time since last request: 0.000044 seconds.
  path: Assets/InventoryMaster/Textures/A_Clothing01.png
  artifactKey: Guid(94feb6ac7e57fb34bb8d8f48f554ff82) Importer(815301076,1909f56bfc062723c751e8b465ee728b)
Start importing Assets/InventoryMaster/Textures/A_Clothing01.png using Guid(94feb6ac7e57fb34bb8d8f48f554ff82) Importer(815301076,1909f56bfc062723c751e8b465ee728b)  -> (artifact id: 'ea26f98d42e4e4894395680a3ee14bfb') in 0.041786 seconds
Number of updated asset objects reloaded before import = 0
Number of asset objects unloaded after import = 3
========================================================================
Received Import Request.
  Time since last request: 53.178428 seconds.
  path: Assets/InventoryMaster/Textures/Example Inventory/2/Slot.png
  artifactKey: Guid(a0ced9aa54bc67d4e85508159e98eb42) Importer(815301076,1909f56bfc062723c751e8b465ee728b)
Start importing Assets/InventoryMaster/Textures/Example Inventory/2/Slot.png using Guid(a0ced9aa54bc67d4e85508159e98eb42) Importer(815301076,1909f56bfc062723c751e8b465ee728b)  -> (artifact id: '2a98836f77ba7cd247c19908cddc5bd0') in 0.048054 seconds
Number of updated asset objects reloaded before import = 0
Number of asset objects unloaded after import = 3
========================================================================
Received Import Request.
  Time since last request: 0.000024 seconds.
  path: Assets/InventoryMaster/Textures/Example Inventory/2/X-Cross.png
  artifactKey: Guid(4e0f1b09ccfd210478d620bff26d892f) Importer(815301076,1909f56bfc062723c751e8b465ee728b)
Start importing Assets/InventoryMaster/Textures/Example Inventory/2/X-Cross.png using Guid(4e0f1b09ccfd210478d620bff26d892f) Importer(815301076,1909f56bfc062723c751e8b465ee728b)  -> (artifact id: '935f74cd08cd1c85df12dca11a496e2b') in 0.026579 seconds
Number of updated asset objects reloaded before import = 0
Number of asset objects unloaded after import = 3
Editor requested this worker to shutdown with reason: Scaling down because of idle timeout
TcpMessagingSession - receive error: operation aborted. errorcode: 995, details: The I/O operation has been aborted because of either a thread exit or an application request.
AssetImportWorker is now disconnected from the server
Process exiting
Exiting without the bug reporter. Application will terminate with return code 0